<?xml version="1.0" encoding="UTF-8"?>
<testsuite name="com.ceiba.ceibaparking.unit.VehicleUnitTest" tests="2" skipped="0" failures="0" errors="0" timestamp="2019-02-06T22:00:41" hostname="NELSON-MEJIA" time="0.007">
  <properties/>
  <testcase name="successRegisterVehicle" classname="com.ceiba.ceibaparking.unit.VehicleUnitTest" time="0.003"/>
  <testcase name="successFindVehicleByLicensePlate" classname="com.ceiba.ceibaparking.unit.VehicleUnitTest" time="0.003"/>
  <system-out><![CDATA[2019-02-06 17:00:41.714  INFO 10748 --- [    Test worker] .b.t.c.SpringBootTestContextBootstrapper : Neither @ContextConfiguration nor @ContextHierarchy found for test class [com.ceiba.ceibaparking.unit.VehicleUnitTest], using SpringBootContextLoader
2019-02-06 17:00:41.716  INFO 10748 --- [    Test worker] o.s.t.c.support.AbstractContextLoader    : Could not detect default resource locations for test class [com.ceiba.ceibaparking.unit.VehicleUnitTest]: no resource found for suffixes {-context.xml, Context.groovy}.
2019-02-06 17:00:41.716  INFO 10748 --- [    Test worker] t.c.s.AnnotationConfigContextLoaderUtils : Could not detect default configuration classes for test class [com.ceiba.ceibaparking.unit.VehicleUnitTest]: VehicleUnitTest does not declare any static, non-private, non-final, nested classes annotated with @Configuration.
2019-02-06 17:00:41.719  INFO 10748 --- [    Test worker] .b.t.c.SpringBootTestContextBootstrapper : Found @SpringBootConfiguration com.ceiba.ceibaparking.CeibaParkingApplication for test class com.ceiba.ceibaparking.unit.VehicleUnitTest
2019-02-06 17:00:41.721  INFO 10748 --- [    Test worker] .b.t.c.SpringBootTestContextBootstrapper : Loaded default TestExecutionListener class names from location [META-INF/spring.factories]: [org.springframework.boot.test.autoconfigure.restdocs.RestDocsTestExecutionListener, org.springframework.boot.test.autoconfigure.web.client.MockRestServiceServerResetTestExecutionListener, org.springframework.boot.test.autoconfigure.web.servlet.MockMvcPrintOnlyOnFailureTestExecutionListener, org.springframework.boot.test.autoconfigure.web.servlet.WebDriverTestExecutionListener, org.springframework.boot.test.mock.mockito.MockitoTestExecutionListener, org.springframework.boot.test.mock.mockito.ResetMocksTestExecutionListener, org.springframework.test.context.web.ServletTestExecutionListener, org.springframework.test.context.support.DirtiesContextBeforeModesTestExecutionListener, org.springframework.test.context.support.DependencyInjectionTestExecutionListener, org.springframework.test.context.support.DirtiesContextTestExecutionListener, org.springframework.test.context.transaction.TransactionalTestExecutionListener, org.springframework.test.context.jdbc.SqlScriptsTestExecutionListener]
2019-02-06 17:00:41.721  INFO 10748 --- [    Test worker] .b.t.c.SpringBootTestContextBootstrapper : Using TestExecutionListeners: [org.springframework.test.context.web.ServletTestExecutionListener@40733586, org.springframework.test.context.support.DirtiesContextBeforeModesTestExecutionListener@3fdf68a5, org.springframework.boot.test.mock.mockito.MockitoTestExecutionListener@435b4779, org.springframework.boot.test.autoconfigure.SpringBootDependencyInjectionTestExecutionListener@1acc6bd2, org.springframework.test.context.support.DirtiesContextTestExecutionListener@43cab208, org.springframework.test.context.transaction.TransactionalTestExecutionListener@7947094, org.springframework.test.context.jdbc.SqlScriptsTestExecutionListener@1eed9f90, org.springframework.boot.test.autoconfigure.restdocs.RestDocsTestExecutionListener@6706f564, org.springframework.boot.test.autoconfigure.web.client.MockRestServiceServerResetTestExecutionListener@71ca517e, org.springframework.boot.test.autoconfigure.web.servlet.MockMvcPrintOnlyOnFailureTestExecutionListener@557e8f03, org.springframework.boot.test.autoconfigure.web.servlet.WebDriverTestExecutionListener@271d8b23, org.springframework.boot.test.mock.mockito.ResetMocksTestExecutionListener@77e0f771]
]]></system-out>
  <system-err><![CDATA[]]></system-err>
</testsuite>
