<?xml version="1.0" encoding="UTF-8"?>
<testsuite name="com.ceiba.ceibaparking.unit.ParkingSearchUnitTest" tests="2" skipped="0" failures="0" errors="0" timestamp="2019-02-07T00:46:28" hostname="NELSON-MEJIA" time="0.006">
  <properties/>
  <testcase name="successEmptyResult" classname="com.ceiba.ceibaparking.unit.ParkingSearchUnitTest" time="0.002"/>
  <testcase name="successNotEmptyResult" classname="com.ceiba.ceibaparking.unit.ParkingSearchUnitTest" time="0.002"/>
  <system-out><![CDATA[2019-02-06 19:46:28.747  INFO 16748 --- [    Test worker] .b.t.c.SpringBootTestContextBootstrapper : Neither @ContextConfiguration nor @ContextHierarchy found for test class [com.ceiba.ceibaparking.unit.ParkingSearchUnitTest], using SpringBootContextLoader
2019-02-06 19:46:28.748  INFO 16748 --- [    Test worker] o.s.t.c.support.AbstractContextLoader    : Could not detect default resource locations for test class [com.ceiba.ceibaparking.unit.ParkingSearchUnitTest]: no resource found for suffixes {-context.xml, Context.groovy}.
2019-02-06 19:46:28.748  INFO 16748 --- [    Test worker] t.c.s.AnnotationConfigContextLoaderUtils : Could not detect default configuration classes for test class [com.ceiba.ceibaparking.unit.ParkingSearchUnitTest]: ParkingSearchUnitTest does not declare any static, non-private, non-final, nested classes annotated with @Configuration.
2019-02-06 19:46:28.750  INFO 16748 --- [    Test worker] .b.t.c.SpringBootTestContextBootstrapper : Found @SpringBootConfiguration com.ceiba.ceibaparking.CeibaParkingApplication for test class com.ceiba.ceibaparking.unit.ParkingSearchUnitTest
2019-02-06 19:46:28.752  INFO 16748 --- [    Test worker] .b.t.c.SpringBootTestContextBootstrapper : Loaded default TestExecutionListener class names from location [META-INF/spring.factories]: [org.springframework.boot.test.autoconfigure.restdocs.RestDocsTestExecutionListener, org.springframework.boot.test.autoconfigure.web.client.MockRestServiceServerResetTestExecutionListener, org.springframework.boot.test.autoconfigure.web.servlet.MockMvcPrintOnlyOnFailureTestExecutionListener, org.springframework.boot.test.autoconfigure.web.servlet.WebDriverTestExecutionListener, org.springframework.boot.test.mock.mockito.MockitoTestExecutionListener, org.springframework.boot.test.mock.mockito.ResetMocksTestExecutionListener, org.springframework.test.context.web.ServletTestExecutionListener, org.springframework.test.context.support.DirtiesContextBeforeModesTestExecutionListener, org.springframework.test.context.support.DependencyInjectionTestExecutionListener, org.springframework.test.context.support.DirtiesContextTestExecutionListener, org.springframework.test.context.transaction.TransactionalTestExecutionListener, org.springframework.test.context.jdbc.SqlScriptsTestExecutionListener]
2019-02-06 19:46:28.752  INFO 16748 --- [    Test worker] .b.t.c.SpringBootTestContextBootstrapper : Using TestExecutionListeners: [org.springframework.test.context.web.ServletTestExecutionListener@62952e52, org.springframework.test.context.support.DirtiesContextBeforeModesTestExecutionListener@792239e0, org.springframework.boot.test.mock.mockito.MockitoTestExecutionListener@7a8e3102, org.springframework.boot.test.autoconfigure.SpringBootDependencyInjectionTestExecutionListener@6ce0b246, org.springframework.test.context.support.DirtiesContextTestExecutionListener@274ce636, org.springframework.test.context.transaction.TransactionalTestExecutionListener@4f493606, org.springframework.test.context.jdbc.SqlScriptsTestExecutionListener@44c408cc, org.springframework.boot.test.autoconfigure.restdocs.RestDocsTestExecutionListener@2ddff090, org.springframework.boot.test.autoconfigure.web.client.MockRestServiceServerResetTestExecutionListener@6de2de4b, org.springframework.boot.test.autoconfigure.web.servlet.MockMvcPrintOnlyOnFailureTestExecutionListener@6b9d2cf7, org.springframework.boot.test.autoconfigure.web.servlet.WebDriverTestExecutionListener@f7bdb20, org.springframework.boot.test.mock.mockito.ResetMocksTestExecutionListener@5df2e12f]
]]></system-out>
  <system-err><![CDATA[]]></system-err>
</testsuite>
