<?xml version="1.0" encoding="UTF-8"?>
<testsuite name="com.ceiba.ceibaparking.unit.ParkingEntranceUnitTest" tests="5" skipped="0" failures="0" errors="0" timestamp="2019-02-06T14:20:12" hostname="NELSON-MEJIA" time="0.046">
  <properties/>
  <testcase name="successRegisterParkingEntry" classname="com.ceiba.ceibaparking.unit.ParkingEntranceUnitTest" time="0.024"/>
  <testcase name="failedParkingByLicensePlateWithALetter" classname="com.ceiba.ceibaparking.unit.ParkingEntranceUnitTest" time="0.004"/>
  <testcase name="failedRegisterParkingEntryMotorbykeBySpace" classname="com.ceiba.ceibaparking.unit.ParkingEntranceUnitTest" time="0.003"/>
  <testcase name="failedRegisterParkingEntryCarBySpace" classname="com.ceiba.ceibaparking.unit.ParkingEntranceUnitTest" time="0.003"/>
  <testcase name="successParkingByLicensePlateWithALetter" classname="com.ceiba.ceibaparking.unit.ParkingEntranceUnitTest" time="0.004"/>
  <system-out><![CDATA[2019-02-06 09:20:12.419  INFO 3228 --- [    Test worker] .b.t.c.SpringBootTestContextBootstrapper : Neither @ContextConfiguration nor @ContextHierarchy found for test class [com.ceiba.ceibaparking.unit.ParkingEntranceUnitTest], using SpringBootContextLoader
2019-02-06 09:20:12.420  INFO 3228 --- [    Test worker] o.s.t.c.support.AbstractContextLoader    : Could not detect default resource locations for test class [com.ceiba.ceibaparking.unit.ParkingEntranceUnitTest]: no resource found for suffixes {-context.xml, Context.groovy}.
2019-02-06 09:20:12.420  INFO 3228 --- [    Test worker] t.c.s.AnnotationConfigContextLoaderUtils : Could not detect default configuration classes for test class [com.ceiba.ceibaparking.unit.ParkingEntranceUnitTest]: ParkingEntranceUnitTest does not declare any static, non-private, non-final, nested classes annotated with @Configuration.
2019-02-06 09:20:12.432  INFO 3228 --- [    Test worker] .b.t.c.SpringBootTestContextBootstrapper : Found @SpringBootConfiguration com.ceiba.ceibaparking.CeibaParkingApplication for test class com.ceiba.ceibaparking.unit.ParkingEntranceUnitTest
2019-02-06 09:20:12.435  INFO 3228 --- [    Test worker] .b.t.c.SpringBootTestContextBootstrapper : Loaded default TestExecutionListener class names from location [META-INF/spring.factories]: [org.springframework.boot.test.autoconfigure.restdocs.RestDocsTestExecutionListener, org.springframework.boot.test.autoconfigure.web.client.MockRestServiceServerResetTestExecutionListener, org.springframework.boot.test.autoconfigure.web.servlet.MockMvcPrintOnlyOnFailureTestExecutionListener, org.springframework.boot.test.autoconfigure.web.servlet.WebDriverTestExecutionListener, org.springframework.boot.test.mock.mockito.MockitoTestExecutionListener, org.springframework.boot.test.mock.mockito.ResetMocksTestExecutionListener, org.springframework.test.context.web.ServletTestExecutionListener, org.springframework.test.context.support.DirtiesContextBeforeModesTestExecutionListener, org.springframework.test.context.support.DependencyInjectionTestExecutionListener, org.springframework.test.context.support.DirtiesContextTestExecutionListener, org.springframework.test.context.transaction.TransactionalTestExecutionListener, org.springframework.test.context.jdbc.SqlScriptsTestExecutionListener]
2019-02-06 09:20:12.436  INFO 3228 --- [    Test worker] .b.t.c.SpringBootTestContextBootstrapper : Using TestExecutionListeners: [org.springframework.test.context.web.ServletTestExecutionListener@2851afce, org.springframework.test.context.support.DirtiesContextBeforeModesTestExecutionListener@175778a5, org.springframework.boot.test.mock.mockito.MockitoTestExecutionListener@195373ee, org.springframework.boot.test.autoconfigure.SpringBootDependencyInjectionTestExecutionListener@7422c521, org.springframework.test.context.support.DirtiesContextTestExecutionListener@51282bb4, org.springframework.test.context.transaction.TransactionalTestExecutionListener@7d16f364, org.springframework.test.context.jdbc.SqlScriptsTestExecutionListener@7f58332b, org.springframework.boot.test.autoconfigure.restdocs.RestDocsTestExecutionListener@1db1ea2c, org.springframework.boot.test.autoconfigure.web.client.MockRestServiceServerResetTestExecutionListener@d5417a5, org.springframework.boot.test.autoconfigure.web.servlet.MockMvcPrintOnlyOnFailureTestExecutionListener@471358b8, org.springframework.boot.test.autoconfigure.web.servlet.WebDriverTestExecutionListener@79ecfa1a, org.springframework.boot.test.mock.mockito.ResetMocksTestExecutionListener@6b9e9f81]
]]></system-out>
  <system-err><![CDATA[]]></system-err>
</testsuite>
