<?xml version="1.0" encoding="UTF-8"?>
<testsuite name="com.ceiba.ceibaparking.integration.ParkingEntranceIntegrationTest" tests="2" skipped="0" failures="0" errors="0" timestamp="2019-02-07T18:21:51" hostname="NELSON-MEJIA" time="0.551">
  <properties/>
  <testcase name="successRegisterParkingEntry" classname="com.ceiba.ceibaparking.integration.ParkingEntranceIntegrationTest" time="0.522"/>
  <testcase name="failedParkingByLicensePlateWithALetter" classname="com.ceiba.ceibaparking.integration.ParkingEntranceIntegrationTest" time="0.028"/>
  <system-out><![CDATA[2019-02-07 13:21:50.297  INFO 11604 --- [    Test worker] .b.t.c.SpringBootTestContextBootstrapper : Neither @ContextConfiguration nor @ContextHierarchy found for test class [com.ceiba.ceibaparking.integration.ParkingEntranceIntegrationTest], using SpringBootContextLoader
2019-02-07 13:21:50.298  INFO 11604 --- [    Test worker] o.s.t.c.s.AbstractContextLoader          : Could not detect default resource locations for test class [com.ceiba.ceibaparking.integration.ParkingEntranceIntegrationTest]: no resource found for suffixes {-context.xml, Context.groovy}.
2019-02-07 13:21:50.298  INFO 11604 --- [    Test worker] t.c.s.AnnotationConfigContextLoaderUtils : Could not detect default configuration classes for test class [com.ceiba.ceibaparking.integration.ParkingEntranceIntegrationTest]: ParkingEntranceIntegrationTest does not declare any static, non-private, non-final, nested classes annotated with @Configuration.
2019-02-07 13:21:50.324  INFO 11604 --- [    Test worker] .b.t.c.SpringBootTestContextBootstrapper : Found @SpringBootConfiguration com.ceiba.ceibaparking.CeibaParkingApplication for test class com.ceiba.ceibaparking.integration.ParkingEntranceIntegrationTest
2019-02-07 13:21:50.326  INFO 11604 --- [    Test worker] .b.t.c.SpringBootTestContextBootstrapper : Loaded default TestExecutionListener class names from location [META-INF/spring.factories]: [org.springframework.boot.test.autoconfigure.restdocs.RestDocsTestExecutionListener, org.springframework.boot.test.autoconfigure.web.client.MockRestServiceServerResetTestExecutionListener, org.springframework.boot.test.autoconfigure.web.servlet.MockMvcPrintOnlyOnFailureTestExecutionListener, org.springframework.boot.test.autoconfigure.web.servlet.WebDriverTestExecutionListener, org.springframework.boot.test.mock.mockito.MockitoTestExecutionListener, org.springframework.boot.test.mock.mockito.ResetMocksTestExecutionListener, org.springframework.test.context.web.ServletTestExecutionListener, org.springframework.test.context.support.DirtiesContextBeforeModesTestExecutionListener, org.springframework.test.context.support.DependencyInjectionTestExecutionListener, org.springframework.test.context.support.DirtiesContextTestExecutionListener, org.springframework.test.context.transaction.TransactionalTestExecutionListener, org.springframework.test.context.jdbc.SqlScriptsTestExecutionListener]
2019-02-07 13:21:50.327  INFO 11604 --- [    Test worker] .b.t.c.SpringBootTestContextBootstrapper : Using TestExecutionListeners: [org.springframework.test.context.web.ServletTestExecutionListener@1e4e5d18, org.springframework.test.context.support.DirtiesContextBeforeModesTestExecutionListener@34d67217, org.springframework.boot.test.mock.mockito.MockitoTestExecutionListener@167f93eb, org.springframework.boot.test.autoconfigure.SpringBootDependencyInjectionTestExecutionListener@38b3bf6b, org.springframework.test.context.support.DirtiesContextTestExecutionListener@547993f8, org.springframework.test.context.transaction.TransactionalTestExecutionListener@53b805aa, org.springframework.test.context.jdbc.SqlScriptsTestExecutionListener@39b224fd, org.springframework.boot.test.autoconfigure.restdocs.RestDocsTestExecutionListener@1cdf9c47, org.springframework.boot.test.autoconfigure.web.client.MockRestServiceServerResetTestExecutionListener@4213a77, org.springframework.boot.test.autoconfigure.web.servlet.MockMvcPrintOnlyOnFailureTestExecutionListener@1727ea0c, org.springframework.boot.test.autoconfigure.web.servlet.WebDriverTestExecutionListener@3f9ab1d9, org.springframework.boot.test.mock.mockito.ResetMocksTestExecutionListener@5fc72fc9]

  .   ____          _            __ _ _
 /\\ / ___'_ __ _ _(_)_ __  __ _ \ \ \ \
( ( )\___ | '_ | '_| | '_ \/ _` | \ \ \ \
 \\/  ___)| |_)| | | | | || (_| |  ) ) ) )
  '  |____| .__|_| |_|_| |_\__, | / / / /
 =========|_|==============|___/=/_/_/_/
 :: Spring Boot ::        (v2.1.2.RELEASE)

2019-02-07 13:21:50.364  INFO 11604 --- [    Test worker] c.c.c.i.ParkingEntranceIntegrationTest   : Starting ParkingEntranceIntegrationTest on NELSON-MEJIA with PID 11604 (started by nelson.laverde in C:\Users\nelson.laverde\git2\ceiba-parking)
2019-02-07 13:21:50.364  INFO 11604 --- [    Test worker] c.c.c.i.ParkingEntranceIntegrationTest   : The following profiles are active: test
2019-02-07 13:21:50.605  INFO 11604 --- [    Test worker] .s.d.r.c.RepositoryConfigurationDelegate : Bootstrapping Spring Data repositories in DEFAULT mode.
2019-02-07 13:21:50.643  INFO 11604 --- [    Test worker] .s.d.r.c.RepositoryConfigurationDelegate : Finished Spring Data repository scanning in 38ms. Found 2 repository interfaces.
2019-02-07 13:21:50.755  INFO 11604 --- [    Test worker] trationDelegate$BeanPostProcessorChecker : Bean 'org.springframework.transaction.annotation.ProxyTransactionManagementConfiguration' of type [org.springframework.transaction.annotation.ProxyTransactionManagementConfiguration$$EnhancerBySpringCGLIB$$53804b5c] is not eligible for getting processed by all BeanPostProcessors (for example: not eligible for auto-proxying)
2019-02-07 13:21:50.863  INFO 11604 --- [    Test worker] c.z.h.HikariDataSource                   : HikariPool-2 - Starting...
2019-02-07 13:21:50.865  INFO 11604 --- [    Test worker] c.z.h.HikariDataSource                   : HikariPool-2 - Start completed.
2019-02-07 13:21:50.903  INFO 11604 --- [    Test worker] o.h.j.i.u.LogHelper                      : HHH000204: Processing PersistenceUnitInfo [
	name: default
	...]
2019-02-07 13:21:50.917  INFO 11604 --- [    Test worker] o.h.d.Dialect                            : HHH000400: Using dialect: org.hibernate.dialect.H2Dialect
2019-02-07 13:21:51.012  INFO 11604 --- [    Test worker] j.LocalContainerEntityManagerFactoryBean : Initialized JPA EntityManagerFactory for persistence unit 'default'
2019-02-07 13:21:51.085  INFO 11604 --- [    Test worker] o.h.h.i.QueryTranslatorFactoryInitiator  : HHH000397: Using ASTQueryTranslatorFactory
2019-02-07 13:21:51.527  INFO 11604 --- [    Test worker] o.s.s.c.ThreadPoolTaskExecutor           : Initializing ExecutorService 'applicationTaskExecutor'
2019-02-07 13:21:51.542  WARN 11604 --- [    Test worker] aWebConfiguration$JpaWebMvcConfiguration : spring.jpa.open-in-view is enabled by default. Therefore, database queries may be performed during view rendering. Explicitly configure spring.jpa.open-in-view to disable this warning
2019-02-07 13:21:51.963  INFO 11604 --- [    Test worker] o.s.b.t.m.w.SpringBootMockServletContext : Initializing Spring TestDispatcherServlet ''
2019-02-07 13:21:51.964  INFO 11604 --- [    Test worker] o.s.t.w.s.TestDispatcherServlet          : Initializing Servlet ''
2019-02-07 13:21:51.981  INFO 11604 --- [    Test worker] o.s.t.w.s.TestDispatcherServlet          : Completed initialization in 17 ms
2019-02-07 13:21:51.995  INFO 11604 --- [    Test worker] c.c.c.i.ParkingEntranceIntegrationTest   : Started ParkingEntranceIntegrationTest in 1.665 seconds (JVM running for 12.436)
Hibernate: select vehicleent0_.id as id1_1_, vehicleent0_.cubic_centimeters as cubic_ce2_1_, vehicleent0_.license_plate as license_3_1_, vehicleent0_.vehicle_type as vehicle_4_1_ from vehicle vehicleent0_ where vehicleent0_.license_plate=?
Hibernate: call next value for hibernate_sequence
Hibernate: insert into vehicle (cubic_centimeters, license_plate, vehicle_type, id) values (?, ?, ?, ?)
Hibernate: select parkingrec0_.id as id1_0_, parkingrec0_.bill_value as bill_val2_0_, parkingrec0_.entry_date as entry_da3_0_, parkingrec0_.out_date as out_date4_0_, parkingrec0_.vehicle_id as vehicle_5_0_ from parking_record parkingrec0_ inner join vehicle vehicleent1_ on parkingrec0_.vehicle_id=vehicleent1_.id where (parkingrec0_.out_date is null) and vehicleent1_.id=?
Hibernate: select count(parkingrec0_.id) as col_0_0_ from parking_record parkingrec0_ cross join vehicle vehicleent1_ where parkingrec0_.vehicle_id=vehicleent1_.id and vehicleent1_.vehicle_type=? and (parkingrec0_.out_date is null)
Hibernate: call next value for hibernate_sequence
Hibernate: insert into parking_record (bill_value, entry_date, out_date, vehicle_id, id) values (?, ?, ?, ?, ?)

MockHttpServletRequest:
      HTTP Method = POST
      Request URI = /parkingRecordService/registerParkingEntrance
       Parameters = {}
          Headers = [Content-Type:"application/json;charset=UTF-8"]
             Body = {"entryDate":1549563712003,"outDate":null,"billValue":0.0,"vehicle":{"licensePlate":"JKL999","cubicCentimeters":150,"vehicleType":"MOTORBYKE"}}
    Session Attrs = {}

Handler:
             Type = com.ceiba.ceibaparking.controller.ParkingEntranceController
           Method = public org.springframework.http.ResponseEntity<com.ceiba.ceibaparking.dto.ResponseDTO> com.ceiba.ceibaparking.controller.ParkingEntranceController.registerParkingEntrance(com.ceiba.ceibaparking.domain.ParkingRecordDomain)

Async:
    Async started = false
     Async result = null

Resolved Exception:
             Type = null

ModelAndView:
        View name = null
             View = null
            Model = null

FlashMap:
       Attributes = null

MockHttpServletResponse:
           Status = 201
    Error message = null
          Headers = [Content-Type:"application/json;charset=UTF-8"]
     Content type = application/json;charset=UTF-8
             Body = {"responseCode":"00","responseMessage":"El proceso se realiz? de manera exitosa.","parkingRecordDomain":{"entryDate":"2019-02-07T18:21:52.003+0000","outDate":null,"billValue":0.0,"vehicle":{"licensePlate":"JKL999","cubicCentimeters":150,"vehicleType":"MOTORBYKE"}}}
    Forwarded URL = null
   Redirected URL = null
          Cookies = []
Hibernate: select vehicleent0_.id as id1_1_, vehicleent0_.cubic_centimeters as cubic_ce2_1_, vehicleent0_.license_plate as license_3_1_, vehicleent0_.vehicle_type as vehicle_4_1_ from vehicle vehicleent0_ where vehicleent0_.license_plate=?
Hibernate: call next value for hibernate_sequence
Hibernate: insert into vehicle (cubic_centimeters, license_plate, vehicle_type, id) values (?, ?, ?, ?)
Hibernate: select parkingrec0_.id as id1_0_, parkingrec0_.bill_value as bill_val2_0_, parkingrec0_.entry_date as entry_da3_0_, parkingrec0_.out_date as out_date4_0_, parkingrec0_.vehicle_id as vehicle_5_0_ from parking_record parkingrec0_ inner join vehicle vehicleent1_ on parkingrec0_.vehicle_id=vehicleent1_.id where (parkingrec0_.out_date is null) and vehicleent1_.id=?
Hibernate: select count(parkingrec0_.id) as col_0_0_ from parking_record parkingrec0_ cross join vehicle vehicleent1_ where parkingrec0_.vehicle_id=vehicleent1_.id and vehicleent1_.vehicle_type=? and (parkingrec0_.out_date is null)
2019-02-07 13:21:52.543 ERROR 11604 --- [    Test worker] c.c.c.c.ParkingEntranceController        : com.ceiba.ceibaparking.exception.AplicationException: No esta autorizado para ingresar debido a que las placas que inician con la letra A solo pueden ingresar los domingos y lunes.

MockHttpServletRequest:
      HTTP Method = POST
      Request URI = /parkingRecordService/registerParkingEntrance
       Parameters = {}
          Headers = [Content-Type:"application/json;charset=UTF-8"]
             Body = {"entryDate":1551464512524,"outDate":null,"billValue":0.0,"vehicle":{"licensePlate":"AAA999","cubicCentimeters":150,"vehicleType":"MOTORBYKE"}}
    Session Attrs = {}

Handler:
             Type = com.ceiba.ceibaparking.controller.ParkingEntranceController
           Method = public org.springframework.http.ResponseEntity<com.ceiba.ceibaparking.dto.ResponseDTO> com.ceiba.ceibaparking.controller.ParkingEntranceController.registerParkingEntrance(com.ceiba.ceibaparking.domain.ParkingRecordDomain)

Async:
    Async started = false
     Async result = null

Resolved Exception:
             Type = null

ModelAndView:
        View name = null
             View = null
            Model = null

FlashMap:
       Attributes = null

MockHttpServletResponse:
           Status = 500
    Error message = null
          Headers = [Content-Type:"application/json;charset=UTF-8"]
     Content type = application/json;charset=UTF-8
             Body = {"responseCode":"01","responseMessage":"No esta autorizado para ingresar debido a que las placas que inician con la letra A solo pueden ingresar los domingos y lunes.","parkingRecordDomain":null}
    Forwarded URL = null
   Redirected URL = null
          Cookies = []
]]></system-out>
  <system-err><![CDATA[]]></system-err>
</testsuite>
