<?xml version="1.0" encoding="UTF-8"?>
<testsuite name="com.ceiba.ceibaparking.unit.ParkingExitUnitTest" tests="1" skipped="0" failures="0" errors="0" timestamp="2019-02-07T04:01:51" hostname="NELSON-MEJIA" time="0.022">
  <properties/>
  <testcase name="successBillParkingByCarAndHour" classname="com.ceiba.ceibaparking.unit.ParkingExitUnitTest" time="0.022"/>
  <system-out><![CDATA[2019-02-06 23:01:51.107  INFO 5812 --- [    Test worker] .b.t.c.SpringBootTestContextBootstrapper : Neither @ContextConfiguration nor @ContextHierarchy found for test class [com.ceiba.ceibaparking.unit.ParkingExitUnitTest], using SpringBootContextLoader
2019-02-06 23:01:51.108  INFO 5812 --- [    Test worker] o.s.t.c.support.AbstractContextLoader    : Could not detect default resource locations for test class [com.ceiba.ceibaparking.unit.ParkingExitUnitTest]: no resource found for suffixes {-context.xml, Context.groovy}.
2019-02-06 23:01:51.108  INFO 5812 --- [    Test worker] t.c.s.AnnotationConfigContextLoaderUtils : Could not detect default configuration classes for test class [com.ceiba.ceibaparking.unit.ParkingExitUnitTest]: ParkingExitUnitTest does not declare any static, non-private, non-final, nested classes annotated with @Configuration.
2019-02-06 23:01:51.110  INFO 5812 --- [    Test worker] .b.t.c.SpringBootTestContextBootstrapper : Found @SpringBootConfiguration com.ceiba.ceibaparking.CeibaParkingApplication for test class com.ceiba.ceibaparking.unit.ParkingExitUnitTest
2019-02-06 23:01:51.112  INFO 5812 --- [    Test worker] .b.t.c.SpringBootTestContextBootstrapper : Loaded default TestExecutionListener class names from location [META-INF/spring.factories]: [org.springframework.boot.test.autoconfigure.restdocs.RestDocsTestExecutionListener, org.springframework.boot.test.autoconfigure.web.client.MockRestServiceServerResetTestExecutionListener, org.springframework.boot.test.autoconfigure.web.servlet.MockMvcPrintOnlyOnFailureTestExecutionListener, org.springframework.boot.test.autoconfigure.web.servlet.WebDriverTestExecutionListener, org.springframework.boot.test.mock.mockito.MockitoTestExecutionListener, org.springframework.boot.test.mock.mockito.ResetMocksTestExecutionListener, org.springframework.test.context.web.ServletTestExecutionListener, org.springframework.test.context.support.DirtiesContextBeforeModesTestExecutionListener, org.springframework.test.context.support.DependencyInjectionTestExecutionListener, org.springframework.test.context.support.DirtiesContextTestExecutionListener, org.springframework.test.context.transaction.TransactionalTestExecutionListener, org.springframework.test.context.jdbc.SqlScriptsTestExecutionListener]
2019-02-06 23:01:51.113  INFO 5812 --- [    Test worker] .b.t.c.SpringBootTestContextBootstrapper : Using TestExecutionListeners: [org.springframework.test.context.web.ServletTestExecutionListener@42e210e2, org.springframework.test.context.support.DirtiesContextBeforeModesTestExecutionListener@c894249, org.springframework.boot.test.mock.mockito.MockitoTestExecutionListener@7eba37ff, org.springframework.boot.test.autoconfigure.SpringBootDependencyInjectionTestExecutionListener@30009736, org.springframework.test.context.support.DirtiesContextTestExecutionListener@6237f4d4, org.springframework.test.context.transaction.TransactionalTestExecutionListener@24ea69d1, org.springframework.test.context.jdbc.SqlScriptsTestExecutionListener@b40a77c, org.springframework.boot.test.autoconfigure.restdocs.RestDocsTestExecutionListener@3fcd2805, org.springframework.boot.test.autoconfigure.web.client.MockRestServiceServerResetTestExecutionListener@6281fa7c, org.springframework.boot.test.autoconfigure.web.servlet.MockMvcPrintOnlyOnFailureTestExecutionListener@1552b31c, org.springframework.boot.test.autoconfigure.web.servlet.WebDriverTestExecutionListener@1ba78d8d, org.springframework.boot.test.mock.mockito.ResetMocksTestExecutionListener@4dfc13fc]
]]></system-out>
  <system-err><![CDATA[]]></system-err>
</testsuite>
