<?xml version="1.0" encoding="UTF-8"?>
<testsuite name="com.ceiba.ceibaparking.unit.ParkingEntranceUnitTest" tests="5" skipped="0" failures="0" errors="0" timestamp="2019-02-07T04:01:51" hostname="NELSON-MEJIA" time="0.04">
  <properties/>
  <testcase name="successRegisterParkingEntry" classname="com.ceiba.ceibaparking.unit.ParkingEntranceUnitTest" time="0.022"/>
  <testcase name="failedParkingByLicensePlateWithALetter" classname="com.ceiba.ceibaparking.unit.ParkingEntranceUnitTest" time="0.004"/>
  <testcase name="failedRegisterParkingEntryMotorbykeBySpace" classname="com.ceiba.ceibaparking.unit.ParkingEntranceUnitTest" time="0.003"/>
  <testcase name="failedRegisterParkingEntryCarBySpace" classname="com.ceiba.ceibaparking.unit.ParkingEntranceUnitTest" time="0.003"/>
  <testcase name="successParkingByLicensePlateWithALetter" classname="com.ceiba.ceibaparking.unit.ParkingEntranceUnitTest" time="0.002"/>
  <system-out><![CDATA[2019-02-06 23:01:50.847  INFO 5812 --- [    Test worker] .b.t.c.SpringBootTestContextBootstrapper : Neither @ContextConfiguration nor @ContextHierarchy found for test class [com.ceiba.ceibaparking.unit.ParkingEntranceUnitTest], using SpringBootContextLoader
2019-02-06 23:01:50.848  INFO 5812 --- [    Test worker] o.s.t.c.support.AbstractContextLoader    : Could not detect default resource locations for test class [com.ceiba.ceibaparking.unit.ParkingEntranceUnitTest]: no resource found for suffixes {-context.xml, Context.groovy}.
2019-02-06 23:01:50.848  INFO 5812 --- [    Test worker] t.c.s.AnnotationConfigContextLoaderUtils : Could not detect default configuration classes for test class [com.ceiba.ceibaparking.unit.ParkingEntranceUnitTest]: ParkingEntranceUnitTest does not declare any static, non-private, non-final, nested classes annotated with @Configuration.
2019-02-06 23:01:50.855  INFO 5812 --- [    Test worker] .b.t.c.SpringBootTestContextBootstrapper : Found @SpringBootConfiguration com.ceiba.ceibaparking.CeibaParkingApplication for test class com.ceiba.ceibaparking.unit.ParkingEntranceUnitTest
2019-02-06 23:01:50.857  INFO 5812 --- [    Test worker] .b.t.c.SpringBootTestContextBootstrapper : Loaded default TestExecutionListener class names from location [META-INF/spring.factories]: [org.springframework.boot.test.autoconfigure.restdocs.RestDocsTestExecutionListener, org.springframework.boot.test.autoconfigure.web.client.MockRestServiceServerResetTestExecutionListener, org.springframework.boot.test.autoconfigure.web.servlet.MockMvcPrintOnlyOnFailureTestExecutionListener, org.springframework.boot.test.autoconfigure.web.servlet.WebDriverTestExecutionListener, org.springframework.boot.test.mock.mockito.MockitoTestExecutionListener, org.springframework.boot.test.mock.mockito.ResetMocksTestExecutionListener, org.springframework.test.context.web.ServletTestExecutionListener, org.springframework.test.context.support.DirtiesContextBeforeModesTestExecutionListener, org.springframework.test.context.support.DependencyInjectionTestExecutionListener, org.springframework.test.context.support.DirtiesContextTestExecutionListener, org.springframework.test.context.transaction.TransactionalTestExecutionListener, org.springframework.test.context.jdbc.SqlScriptsTestExecutionListener]
2019-02-06 23:01:50.857  INFO 5812 --- [    Test worker] .b.t.c.SpringBootTestContextBootstrapper : Using TestExecutionListeners: [org.springframework.test.context.web.ServletTestExecutionListener@6af9781d, org.springframework.test.context.support.DirtiesContextBeforeModesTestExecutionListener@26f146ea, org.springframework.boot.test.mock.mockito.MockitoTestExecutionListener@5a80cbd1, org.springframework.boot.test.autoconfigure.SpringBootDependencyInjectionTestExecutionListener@35e74b39, org.springframework.test.context.support.DirtiesContextTestExecutionListener@14ffe408, org.springframework.test.context.transaction.TransactionalTestExecutionListener@3895366b, org.springframework.test.context.jdbc.SqlScriptsTestExecutionListener@6417bceb, org.springframework.boot.test.autoconfigure.restdocs.RestDocsTestExecutionListener@6ba69dd3, org.springframework.boot.test.autoconfigure.web.client.MockRestServiceServerResetTestExecutionListener@92fb0b, org.springframework.boot.test.autoconfigure.web.servlet.MockMvcPrintOnlyOnFailureTestExecutionListener@11a5b31c, org.springframework.boot.test.autoconfigure.web.servlet.WebDriverTestExecutionListener@480ca527, org.springframework.boot.test.mock.mockito.ResetMocksTestExecutionListener@179be1f0]
]]></system-out>
  <system-err><![CDATA[]]></system-err>
</testsuite>
