<?xml version="1.0" encoding="UTF-8"?>
<testsuite name="com.ceiba.ceibaparking.CeibaParkingApplicationTests" tests="1" skipped="0" failures="0" errors="0" timestamp="2019-02-07T04:01:46" hostname="NELSON-MEJIA" time="0.053">
  <properties/>
  <testcase name="contextLoads" classname="com.ceiba.ceibaparking.CeibaParkingApplicationTests" time="0.053"/>
  <system-out><![CDATA[23:01:38.499 [Test worker] DEBUG org.springframework.test.context.junit4.SpringJUnit4ClassRunner - SpringJUnit4ClassRunner constructor called with [class com.ceiba.ceibaparking.CeibaParkingApplicationTests]
23:01:38.516 [Test worker] DEBUG org.springframework.test.context.BootstrapUtils - Instantiating CacheAwareContextLoaderDelegate from class [org.springframework.test.context.cache.DefaultCacheAwareContextLoaderDelegate]
23:01:38.540 [Test worker] DEBUG org.springframework.test.context.BootstrapUtils - Instantiating BootstrapContext using constructor [public org.springframework.test.context.support.DefaultBootstrapContext(java.lang.Class,org.springframework.test.context.CacheAwareContextLoaderDelegate)]
23:01:38.582 [Test worker] DEBUG org.springframework.test.context.BootstrapUtils - Instantiating TestContextBootstrapper for test class [com.ceiba.ceibaparking.CeibaParkingApplicationTests] from class [org.springframework.boot.test.context.SpringBootTestContextBootstrapper]
23:01:38.609 [Test worker] INFO org.springframework.boot.test.context.SpringBootTestContextBootstrapper - Neither @ContextConfiguration nor @ContextHierarchy found for test class [com.ceiba.ceibaparking.CeibaParkingApplicationTests], using SpringBootContextLoader
23:01:38.616 [Test worker] DEBUG org.springframework.test.context.support.AbstractContextLoader - Did not detect default resource location for test class [com.ceiba.ceibaparking.CeibaParkingApplicationTests]: class path resource [com/ceiba/ceibaparking/CeibaParkingApplicationTests-context.xml] does not exist
23:01:38.617 [Test worker] DEBUG org.springframework.test.context.support.AbstractContextLoader - Did not detect default resource location for test class [com.ceiba.ceibaparking.CeibaParkingApplicationTests]: class path resource [com/ceiba/ceibaparking/CeibaParkingApplicationTestsContext.groovy] does not exist
23:01:38.617 [Test worker] INFO org.springframework.test.context.support.AbstractContextLoader - Could not detect default resource locations for test class [com.ceiba.ceibaparking.CeibaParkingApplicationTests]: no resource found for suffixes {-context.xml, Context.groovy}.
23:01:38.618 [Test worker] INFO org.springframework.test.context.support.AnnotationConfigContextLoaderUtils - Could not detect default configuration classes for test class [com.ceiba.ceibaparking.CeibaParkingApplicationTests]: CeibaParkingApplicationTests does not declare any static, non-private, non-final, nested classes annotated with @Configuration.
23:01:38.842 [Test worker] DEBUG org.springframework.context.annotation.ClassPathScanningCandidateComponentProvider - Identified candidate component class: file [C:\Users\nelson.laverde\git2\ceiba-parking\build\classes\java\main\com\ceiba\ceibaparking\CeibaParkingApplication.class]
23:01:38.860 [Test worker] INFO org.springframework.boot.test.context.SpringBootTestContextBootstrapper - Found @SpringBootConfiguration com.ceiba.ceibaparking.CeibaParkingApplication for test class com.ceiba.ceibaparking.CeibaParkingApplicationTests
23:01:39.039 [Test worker] DEBUG org.springframework.boot.test.context.SpringBootTestContextBootstrapper - @TestExecutionListeners is not present for class [com.ceiba.ceibaparking.CeibaParkingApplicationTests]: using defaults.
23:01:39.041 [Test worker] INFO org.springframework.boot.test.context.SpringBootTestContextBootstrapper - Loaded default TestExecutionListener class names from location [META-INF/spring.factories]: [org.springframework.boot.test.autoconfigure.restdocs.RestDocsTestExecutionListener, org.springframework.boot.test.autoconfigure.web.client.MockRestServiceServerResetTestExecutionListener, org.springframework.boot.test.autoconfigure.web.servlet.MockMvcPrintOnlyOnFailureTestExecutionListener, org.springframework.boot.test.autoconfigure.web.servlet.WebDriverTestExecutionListener, org.springframework.boot.test.mock.mockito.MockitoTestExecutionListener, org.springframework.boot.test.mock.mockito.ResetMocksTestExecutionListener, org.springframework.test.context.web.ServletTestExecutionListener, org.springframework.test.context.support.DirtiesContextBeforeModesTestExecutionListener, org.springframework.test.context.support.DependencyInjectionTestExecutionListener, org.springframework.test.context.support.DirtiesContextTestExecutionListener, org.springframework.test.context.transaction.TransactionalTestExecutionListener, org.springframework.test.context.jdbc.SqlScriptsTestExecutionListener]
23:01:39.077 [Test worker] INFO org.springframework.boot.test.context.SpringBootTestContextBootstrapper - Using TestExecutionListeners: [org.springframework.test.context.web.ServletTestExecutionListener@4aebba63, org.springframework.test.context.support.DirtiesContextBeforeModesTestExecutionListener@3a551c61, org.springframework.boot.test.mock.mockito.MockitoTestExecutionListener@4989261b, org.springframework.boot.test.autoconfigure.SpringBootDependencyInjectionTestExecutionListener@6c017f7a, org.springframework.test.context.support.DirtiesContextTestExecutionListener@7b2ee83b, org.springframework.test.context.transaction.TransactionalTestExecutionListener@690a452b, org.springframework.test.context.jdbc.SqlScriptsTestExecutionListener@69331fef, org.springframework.boot.test.autoconfigure.restdocs.RestDocsTestExecutionListener@eae471c, org.springframework.boot.test.autoconfigure.web.client.MockRestServiceServerResetTestExecutionListener@2cd19c2, org.springframework.boot.test.autoconfigure.web.servlet.MockMvcPrintOnlyOnFailureTestExecutionListener@395527ad, org.springframework.boot.test.autoconfigure.web.servlet.WebDriverTestExecutionListener@48689b0f, org.springframework.boot.test.mock.mockito.ResetMocksTestExecutionListener@3482a3b9]
23:01:39.083 [Test worker] DEBUG org.springframework.test.annotation.ProfileValueUtils - Retrieved @ProfileValueSourceConfiguration [null] for test class [com.ceiba.ceibaparking.CeibaParkingApplicationTests]
23:01:39.084 [Test worker] DEBUG org.springframework.test.annotation.ProfileValueUtils - Retrieved ProfileValueSource type [class org.springframework.test.annotation.SystemProfileValueSource] for class [com.ceiba.ceibaparking.CeibaParkingApplicationTests]
23:01:39.085 [Test worker] DEBUG org.springframework.test.annotation.ProfileValueUtils - Retrieved @ProfileValueSourceConfiguration [null] for test class [com.ceiba.ceibaparking.CeibaParkingApplicationTests]
23:01:39.085 [Test worker] DEBUG org.springframework.test.annotation.ProfileValueUtils - Retrieved ProfileValueSource type [class org.springframework.test.annotation.SystemProfileValueSource] for class [com.ceiba.ceibaparking.CeibaParkingApplicationTests]
23:01:39.094 [Test worker] DEBUG org.springframework.test.context.support.AbstractDirtiesContextTestExecutionListener - Before test class: context [DefaultTestContext@13ae376 testClass = CeibaParkingApplicationTests, testInstance = [null], testMethod = [null], testException = [null], mergedContextConfiguration = [WebMergedContextConfiguration@2557b0d7 testClass = CeibaParkingApplicationTests, locations = '{}', classes = '{class com.ceiba.ceibaparking.CeibaParkingApplication}', contextInitializerClasses = '[]', activeProfiles = '{test}', propertySourceLocations = '{}', propertySourceProperties = '{org.springframework.boot.test.context.SpringBootTestContextBootstrapper=true}', contextCustomizers = set[org.springframework.boot.test.autoconfigure.properties.PropertyMappingContextCustomizer@0, org.springframework.boot.test.autoconfigure.web.servlet.WebDriverContextCustomizerFactory$Customizer@ff7ba1, org.springframework.boot.test.context.filter.ExcludeFilterContextCustomizer@7340ac3b, org.springframework.boot.test.json.DuplicateJsonObjectContextCustomizerFactory$DuplicateJsonObjectContextCustomizer@aabf6bc, org.springframework.boot.test.mock.mockito.MockitoContextCustomizer@0, org.springframework.boot.test.web.client.TestRestTemplateContextCustomizer@481e8bca], resourceBasePath = 'src/main/webapp', contextLoader = 'org.springframework.boot.test.context.SpringBootContextLoader', parent = [null]], attributes = map['org.springframework.test.context.web.ServletTestExecutionListener.activateListener' -> true]], class annotated with @DirtiesContext [false] with mode [null].
23:01:39.096 [Test worker] DEBUG org.springframework.test.annotation.ProfileValueUtils - Retrieved @ProfileValueSourceConfiguration [null] for test class [com.ceiba.ceibaparking.CeibaParkingApplicationTests]
23:01:39.096 [Test worker] DEBUG org.springframework.test.annotation.ProfileValueUtils - Retrieved ProfileValueSource type [class org.springframework.test.annotation.SystemProfileValueSource] for class [com.ceiba.ceibaparking.CeibaParkingApplicationTests]
23:01:39.148 [Test worker] DEBUG org.springframework.test.context.support.TestPropertySourceUtils - Adding inlined properties to environment: {spring.jmx.enabled=false, org.springframework.boot.test.context.SpringBootTestContextBootstrapper=true, server.port=-1}

  .   ____          _            __ _ _
 /\\ / ___'_ __ _ _(_)_ __  __ _ \ \ \ \
( ( )\___ | '_ | '_| | '_ \/ _` | \ \ \ \
 \\/  ___)| |_)| | | | | || (_| |  ) ) ) )
  '  |____| .__|_| |_|_| |_\__, | / / / /
 =========|_|==============|___/=/_/_/_/
 :: Spring Boot ::        (v2.1.2.RELEASE)

2019-02-06 23:01:39.627  INFO 5812 --- [    Test worker] c.c.c.CeibaParkingApplicationTests       : Starting CeibaParkingApplicationTests on NELSON-MEJIA with PID 5812 (started by nelson.laverde in C:\Users\nelson.laverde\git2\ceiba-parking)
2019-02-06 23:01:39.628  INFO 5812 --- [    Test worker] c.c.c.CeibaParkingApplicationTests       : The following profiles are active: test
2019-02-06 23:01:40.724  INFO 5812 --- [    Test worker] .s.d.r.c.RepositoryConfigurationDelegate : Bootstrapping Spring Data repositories in DEFAULT mode.
2019-02-06 23:01:40.872  INFO 5812 --- [    Test worker] .s.d.r.c.RepositoryConfigurationDelegate : Finished Spring Data repository scanning in 135ms. Found 2 repository interfaces.
2019-02-06 23:01:41.568  INFO 5812 --- [    Test worker] trationDelegate$BeanPostProcessorChecker : Bean 'org.springframework.transaction.annotation.ProxyTransactionManagementConfiguration' of type [org.springframework.transaction.annotation.ProxyTransactionManagementConfiguration$$EnhancerBySpringCGLIB$$a1724bd1] is not eligible for getting processed by all BeanPostProcessors (for example: not eligible for auto-proxying)
2019-02-06 23:01:41.851  INFO 5812 --- [    Test worker] com.zaxxer.hikari.HikariDataSource       : HikariPool-1 - Starting...
2019-02-06 23:01:42.140  INFO 5812 --- [    Test worker] com.zaxxer.hikari.HikariDataSource       : HikariPool-1 - Start completed.
2019-02-06 23:01:42.261  INFO 5812 --- [    Test worker] o.hibernate.jpa.internal.util.LogHelper  : HHH000204: Processing PersistenceUnitInfo [
	name: default
	...]
2019-02-06 23:01:42.371  INFO 5812 --- [    Test worker] org.hibernate.Version                    : HHH000412: Hibernate Core {5.3.7.Final}
2019-02-06 23:01:42.373  INFO 5812 --- [    Test worker] org.hibernate.cfg.Environment            : HHH000206: hibernate.properties not found
2019-02-06 23:01:42.608  INFO 5812 --- [    Test worker] o.hibernate.annotations.common.Version   : HCANN000001: Hibernate Commons Annotations {5.0.4.Final}
2019-02-06 23:01:42.868  INFO 5812 --- [    Test worker] org.hibernate.dialect.Dialect            : HHH000400: Using dialect: org.hibernate.dialect.H2Dialect
Hibernate: create table parking_record (id bigint not null, bill_value double not null, entry_date timestamp not null, out_date timestamp, vehicle_id bigint not null, primary key (id))
Hibernate: create table vehicle (id bigint not null, cubic_centimeters integer, license_plate varchar(255) not null, vehicle_type varchar(255) not null, primary key (id))
Hibernate: alter table vehicle drop constraint if exists UK_j5v3su3bdx4bvsk1t9dga4bsq
Hibernate: alter table vehicle add constraint UK_j5v3su3bdx4bvsk1t9dga4bsq unique (license_plate)
Hibernate: create sequence hibernate_sequence start with 1 increment by 1
Hibernate: alter table parking_record add constraint FKr0fm1chd12hsupf3r08y2l315 foreign key (vehicle_id) references vehicle
2019-02-06 23:01:44.079  INFO 5812 --- [    Test worker] j.LocalContainerEntityManagerFactoryBean : Initialized JPA EntityManagerFactory for persistence unit 'default'
2019-02-06 23:01:44.857  INFO 5812 --- [    Test worker] o.h.h.i.QueryTranslatorFactoryInitiator  : HHH000397: Using ASTQueryTranslatorFactory
2019-02-06 23:01:45.284  INFO 5812 --- [    Test worker] .s.s.UserDetailsServiceAutoConfiguration : 

Using generated security password: b0cc51b4-f089-47dd-935c-1c37c2b4e599

2019-02-06 23:01:45.462  INFO 5812 --- [    Test worker] o.s.s.web.DefaultSecurityFilterChain     : Creating filter chain: any request, [org.springframework.security.web.context.request.async.WebAsyncManagerIntegrationFilter@632aa14d, org.springframework.security.web.context.SecurityContextPersistenceFilter@21b50c25, org.springframework.security.web.header.HeaderWriterFilter@5cb191c9, org.springframework.security.web.authentication.logout.LogoutFilter@4fc6a4a5, org.springframework.security.web.savedrequest.RequestCacheAwareFilter@4cdb3805, org.springframework.security.web.servletapi.SecurityContextHolderAwareRequestFilter@21b10dc9, org.springframework.security.web.authentication.AnonymousAuthenticationFilter@46f2c824, org.springframework.security.web.session.SessionManagementFilter@4f0ac9a7, org.springframework.security.web.access.ExceptionTranslationFilter@3b86f181]
2019-02-06 23:01:46.227  INFO 5812 --- [    Test worker] o.s.s.concurrent.ThreadPoolTaskExecutor  : Initializing ExecutorService 'applicationTaskExecutor'
2019-02-06 23:01:46.312  WARN 5812 --- [    Test worker] aWebConfiguration$JpaWebMvcConfiguration : spring.jpa.open-in-view is enabled by default. Therefore, database queries may be performed during view rendering. Explicitly configure spring.jpa.open-in-view to disable this warning
2019-02-06 23:01:46.897  INFO 5812 --- [    Test worker] c.c.c.CeibaParkingApplicationTests       : Started CeibaParkingApplicationTests in 7.73 seconds (JVM running for 9.795)
]]></system-out>
  <system-err><![CDATA[]]></system-err>
</testsuite>
