<?xml version="1.0" encoding="UTF-8"?>
<testsuite name="com.ceiba.ceibaparking.unit.ParkingSearchUnitTest" tests="2" skipped="0" failures="0" errors="0" timestamp="2019-02-06T22:00:41" hostname="NELSON-MEJIA" time="0.008">
  <properties/>
  <testcase name="successEmptyResult" classname="com.ceiba.ceibaparking.unit.ParkingSearchUnitTest" time="0.004"/>
  <testcase name="successNotEmptyResult" classname="com.ceiba.ceibaparking.unit.ParkingSearchUnitTest" time="0.003"/>
  <system-out><![CDATA[2019-02-06 17:00:41.673  INFO 10748 --- [    Test worker] .b.t.c.SpringBootTestContextBootstrapper : Neither @ContextConfiguration nor @ContextHierarchy found for test class [com.ceiba.ceibaparking.unit.ParkingSearchUnitTest], using SpringBootContextLoader
2019-02-06 17:00:41.674  INFO 10748 --- [    Test worker] o.s.t.c.support.AbstractContextLoader    : Could not detect default resource locations for test class [com.ceiba.ceibaparking.unit.ParkingSearchUnitTest]: no resource found for suffixes {-context.xml, Context.groovy}.
2019-02-06 17:00:41.674  INFO 10748 --- [    Test worker] t.c.s.AnnotationConfigContextLoaderUtils : Could not detect default configuration classes for test class [com.ceiba.ceibaparking.unit.ParkingSearchUnitTest]: ParkingSearchUnitTest does not declare any static, non-private, non-final, nested classes annotated with @Configuration.
2019-02-06 17:00:41.676  INFO 10748 --- [    Test worker] .b.t.c.SpringBootTestContextBootstrapper : Found @SpringBootConfiguration com.ceiba.ceibaparking.CeibaParkingApplication for test class com.ceiba.ceibaparking.unit.ParkingSearchUnitTest
2019-02-06 17:00:41.695  INFO 10748 --- [    Test worker] .b.t.c.SpringBootTestContextBootstrapper : Loaded default TestExecutionListener class names from location [META-INF/spring.factories]: [org.springframework.boot.test.autoconfigure.restdocs.RestDocsTestExecutionListener, org.springframework.boot.test.autoconfigure.web.client.MockRestServiceServerResetTestExecutionListener, org.springframework.boot.test.autoconfigure.web.servlet.MockMvcPrintOnlyOnFailureTestExecutionListener, org.springframework.boot.test.autoconfigure.web.servlet.WebDriverTestExecutionListener, org.springframework.boot.test.mock.mockito.MockitoTestExecutionListener, org.springframework.boot.test.mock.mockito.ResetMocksTestExecutionListener, org.springframework.test.context.web.ServletTestExecutionListener, org.springframework.test.context.support.DirtiesContextBeforeModesTestExecutionListener, org.springframework.test.context.support.DependencyInjectionTestExecutionListener, org.springframework.test.context.support.DirtiesContextTestExecutionListener, org.springframework.test.context.transaction.TransactionalTestExecutionListener, org.springframework.test.context.jdbc.SqlScriptsTestExecutionListener]
2019-02-06 17:00:41.698  INFO 10748 --- [    Test worker] .b.t.c.SpringBootTestContextBootstrapper : Using TestExecutionListeners: [org.springframework.test.context.web.ServletTestExecutionListener@1acda329, org.springframework.test.context.support.DirtiesContextBeforeModesTestExecutionListener@6d10a4a9, org.springframework.boot.test.mock.mockito.MockitoTestExecutionListener@7e1cd04b, org.springframework.boot.test.autoconfigure.SpringBootDependencyInjectionTestExecutionListener@1c13a8c1, org.springframework.test.context.support.DirtiesContextTestExecutionListener@6bb09481, org.springframework.test.context.transaction.TransactionalTestExecutionListener@3ed40b2, org.springframework.test.context.jdbc.SqlScriptsTestExecutionListener@1beb560c, org.springframework.boot.test.autoconfigure.restdocs.RestDocsTestExecutionListener@1a3fb010, org.springframework.boot.test.autoconfigure.web.client.MockRestServiceServerResetTestExecutionListener@75c43b4a, org.springframework.boot.test.autoconfigure.web.servlet.MockMvcPrintOnlyOnFailureTestExecutionListener@1c451d90, org.springframework.boot.test.autoconfigure.web.servlet.WebDriverTestExecutionListener@5ddf6322, org.springframework.boot.test.mock.mockito.ResetMocksTestExecutionListener@3a87e7b9]
]]></system-out>
  <system-err><![CDATA[]]></system-err>
</testsuite>
