<?xml version="1.0" encoding="UTF-8"?>
<testsuite name="com.ceiba.ceibaparking.unit.VehicleUnitTest" tests="2" skipped="0" failures="0" errors="0" timestamp="2019-02-07T00:46:28" hostname="NELSON-MEJIA" time="0.005">
  <properties/>
  <testcase name="successRegisterVehicle" classname="com.ceiba.ceibaparking.unit.VehicleUnitTest" time="0.002"/>
  <testcase name="successFindVehicleByLicensePlate" classname="com.ceiba.ceibaparking.unit.VehicleUnitTest" time="0.002"/>
  <system-out><![CDATA[2019-02-06 19:46:28.762  INFO 16748 --- [    Test worker] .b.t.c.SpringBootTestContextBootstrapper : Neither @ContextConfiguration nor @ContextHierarchy found for test class [com.ceiba.ceibaparking.unit.VehicleUnitTest], using SpringBootContextLoader
2019-02-06 19:46:28.763  INFO 16748 --- [    Test worker] o.s.t.c.support.AbstractContextLoader    : Could not detect default resource locations for test class [com.ceiba.ceibaparking.unit.VehicleUnitTest]: no resource found for suffixes {-context.xml, Context.groovy}.
2019-02-06 19:46:28.763  INFO 16748 --- [    Test worker] t.c.s.AnnotationConfigContextLoaderUtils : Could not detect default configuration classes for test class [com.ceiba.ceibaparking.unit.VehicleUnitTest]: VehicleUnitTest does not declare any static, non-private, non-final, nested classes annotated with @Configuration.
2019-02-06 19:46:28.765  INFO 16748 --- [    Test worker] .b.t.c.SpringBootTestContextBootstrapper : Found @SpringBootConfiguration com.ceiba.ceibaparking.CeibaParkingApplication for test class com.ceiba.ceibaparking.unit.VehicleUnitTest
2019-02-06 19:46:28.767  INFO 16748 --- [    Test worker] .b.t.c.SpringBootTestContextBootstrapper : Loaded default TestExecutionListener class names from location [META-INF/spring.factories]: [org.springframework.boot.test.autoconfigure.restdocs.RestDocsTestExecutionListener, org.springframework.boot.test.autoconfigure.web.client.MockRestServiceServerResetTestExecutionListener, org.springframework.boot.test.autoconfigure.web.servlet.MockMvcPrintOnlyOnFailureTestExecutionListener, org.springframework.boot.test.autoconfigure.web.servlet.WebDriverTestExecutionListener, org.springframework.boot.test.mock.mockito.MockitoTestExecutionListener, org.springframework.boot.test.mock.mockito.ResetMocksTestExecutionListener, org.springframework.test.context.web.ServletTestExecutionListener, org.springframework.test.context.support.DirtiesContextBeforeModesTestExecutionListener, org.springframework.test.context.support.DependencyInjectionTestExecutionListener, org.springframework.test.context.support.DirtiesContextTestExecutionListener, org.springframework.test.context.transaction.TransactionalTestExecutionListener, org.springframework.test.context.jdbc.SqlScriptsTestExecutionListener]
2019-02-06 19:46:28.767  INFO 16748 --- [    Test worker] .b.t.c.SpringBootTestContextBootstrapper : Using TestExecutionListeners: [org.springframework.test.context.web.ServletTestExecutionListener@442df8f9, org.springframework.test.context.support.DirtiesContextBeforeModesTestExecutionListener@61b2caf9, org.springframework.boot.test.mock.mockito.MockitoTestExecutionListener@1c39a231, org.springframework.boot.test.autoconfigure.SpringBootDependencyInjectionTestExecutionListener@216b1581, org.springframework.test.context.support.DirtiesContextTestExecutionListener@aaacb65, org.springframework.test.context.transaction.TransactionalTestExecutionListener@7db82dcb, org.springframework.test.context.jdbc.SqlScriptsTestExecutionListener@2cc13067, org.springframework.boot.test.autoconfigure.restdocs.RestDocsTestExecutionListener@557fff63, org.springframework.boot.test.autoconfigure.web.client.MockRestServiceServerResetTestExecutionListener@9d2f74a, org.springframework.boot.test.autoconfigure.web.servlet.MockMvcPrintOnlyOnFailureTestExecutionListener@353845ce, org.springframework.boot.test.autoconfigure.web.servlet.WebDriverTestExecutionListener@10df1906, org.springframework.boot.test.mock.mockito.ResetMocksTestExecutionListener@3a717899]
]]></system-out>
  <system-err><![CDATA[]]></system-err>
</testsuite>
