<?xml version="1.0" encoding="UTF-8"?>
<testsuite name="com.ceiba.ceibaparking.unit.ParkingExitUnitTest" tests="1" skipped="0" failures="0" errors="0" timestamp="2019-02-07T00:46:28" hostname="NELSON-MEJIA" time="0.018">
  <properties/>
  <testcase name="successBillParkingByCarAndHour" classname="com.ceiba.ceibaparking.unit.ParkingExitUnitTest" time="0.018"/>
  <system-out><![CDATA[2019-02-06 19:46:28.720  INFO 16748 --- [    Test worker] .b.t.c.SpringBootTestContextBootstrapper : Neither @ContextConfiguration nor @ContextHierarchy found for test class [com.ceiba.ceibaparking.unit.ParkingExitUnitTest], using SpringBootContextLoader
2019-02-06 19:46:28.721  INFO 16748 --- [    Test worker] o.s.t.c.support.AbstractContextLoader    : Could not detect default resource locations for test class [com.ceiba.ceibaparking.unit.ParkingExitUnitTest]: no resource found for suffixes {-context.xml, Context.groovy}.
2019-02-06 19:46:28.721  INFO 16748 --- [    Test worker] t.c.s.AnnotationConfigContextLoaderUtils : Could not detect default configuration classes for test class [com.ceiba.ceibaparking.unit.ParkingExitUnitTest]: ParkingExitUnitTest does not declare any static, non-private, non-final, nested classes annotated with @Configuration.
2019-02-06 19:46:28.723  INFO 16748 --- [    Test worker] .b.t.c.SpringBootTestContextBootstrapper : Found @SpringBootConfiguration com.ceiba.ceibaparking.CeibaParkingApplication for test class com.ceiba.ceibaparking.unit.ParkingExitUnitTest
2019-02-06 19:46:28.725  INFO 16748 --- [    Test worker] .b.t.c.SpringBootTestContextBootstrapper : Loaded default TestExecutionListener class names from location [META-INF/spring.factories]: [org.springframework.boot.test.autoconfigure.restdocs.RestDocsTestExecutionListener, org.springframework.boot.test.autoconfigure.web.client.MockRestServiceServerResetTestExecutionListener, org.springframework.boot.test.autoconfigure.web.servlet.MockMvcPrintOnlyOnFailureTestExecutionListener, org.springframework.boot.test.autoconfigure.web.servlet.WebDriverTestExecutionListener, org.springframework.boot.test.mock.mockito.MockitoTestExecutionListener, org.springframework.boot.test.mock.mockito.ResetMocksTestExecutionListener, org.springframework.test.context.web.ServletTestExecutionListener, org.springframework.test.context.support.DirtiesContextBeforeModesTestExecutionListener, org.springframework.test.context.support.DependencyInjectionTestExecutionListener, org.springframework.test.context.support.DirtiesContextTestExecutionListener, org.springframework.test.context.transaction.TransactionalTestExecutionListener, org.springframework.test.context.jdbc.SqlScriptsTestExecutionListener]
2019-02-06 19:46:28.725  INFO 16748 --- [    Test worker] .b.t.c.SpringBootTestContextBootstrapper : Using TestExecutionListeners: [org.springframework.test.context.web.ServletTestExecutionListener@4fde60f1, org.springframework.test.context.support.DirtiesContextBeforeModesTestExecutionListener@3aec4aaf, org.springframework.boot.test.mock.mockito.MockitoTestExecutionListener@1a213027, org.springframework.boot.test.autoconfigure.SpringBootDependencyInjectionTestExecutionListener@536039d6, org.springframework.test.context.support.DirtiesContextTestExecutionListener@6f0502a3, org.springframework.test.context.transaction.TransactionalTestExecutionListener@376494de, org.springframework.test.context.jdbc.SqlScriptsTestExecutionListener@24573a1d, org.springframework.boot.test.autoconfigure.restdocs.RestDocsTestExecutionListener@76ab09c8, org.springframework.boot.test.autoconfigure.web.client.MockRestServiceServerResetTestExecutionListener@317c1da4, org.springframework.boot.test.autoconfigure.web.servlet.MockMvcPrintOnlyOnFailureTestExecutionListener@22adbd31, org.springframework.boot.test.autoconfigure.web.servlet.WebDriverTestExecutionListener@3f37ecab, org.springframework.boot.test.mock.mockito.ResetMocksTestExecutionListener@117c47cc]
]]></system-out>
  <system-err><![CDATA[]]></system-err>
</testsuite>
