<?xml version="1.0" encoding="UTF-8"?>
<testsuite name="com.ceiba.ceibaparking.unit.ParkingEntranceUnitTest" tests="5" skipped="0" failures="0" errors="0" timestamp="2019-02-07T00:46:28" hostname="NELSON-MEJIA" time="0.047">
  <properties/>
  <testcase name="successRegisterParkingEntry" classname="com.ceiba.ceibaparking.unit.ParkingEntranceUnitTest" time="0.028"/>
  <testcase name="failedParkingByLicensePlateWithALetter" classname="com.ceiba.ceibaparking.unit.ParkingEntranceUnitTest" time="0.003"/>
  <testcase name="failedRegisterParkingEntryMotorbykeBySpace" classname="com.ceiba.ceibaparking.unit.ParkingEntranceUnitTest" time="0.002"/>
  <testcase name="failedRegisterParkingEntryCarBySpace" classname="com.ceiba.ceibaparking.unit.ParkingEntranceUnitTest" time="0.003"/>
  <testcase name="successParkingByLicensePlateWithALetter" classname="com.ceiba.ceibaparking.unit.ParkingEntranceUnitTest" time="0.004"/>
  <system-out><![CDATA[2019-02-06 19:46:28.477  INFO 16748 --- [    Test worker] .b.t.c.SpringBootTestContextBootstrapper : Neither @ContextConfiguration nor @ContextHierarchy found for test class [com.ceiba.ceibaparking.unit.ParkingEntranceUnitTest], using SpringBootContextLoader
2019-02-06 19:46:28.477  INFO 16748 --- [    Test worker] o.s.t.c.support.AbstractContextLoader    : Could not detect default resource locations for test class [com.ceiba.ceibaparking.unit.ParkingEntranceUnitTest]: no resource found for suffixes {-context.xml, Context.groovy}.
2019-02-06 19:46:28.478  INFO 16748 --- [    Test worker] t.c.s.AnnotationConfigContextLoaderUtils : Could not detect default configuration classes for test class [com.ceiba.ceibaparking.unit.ParkingEntranceUnitTest]: ParkingEntranceUnitTest does not declare any static, non-private, non-final, nested classes annotated with @Configuration.
2019-02-06 19:46:28.485  INFO 16748 --- [    Test worker] .b.t.c.SpringBootTestContextBootstrapper : Found @SpringBootConfiguration com.ceiba.ceibaparking.CeibaParkingApplication for test class com.ceiba.ceibaparking.unit.ParkingEntranceUnitTest
2019-02-06 19:46:28.486  INFO 16748 --- [    Test worker] .b.t.c.SpringBootTestContextBootstrapper : Loaded default TestExecutionListener class names from location [META-INF/spring.factories]: [org.springframework.boot.test.autoconfigure.restdocs.RestDocsTestExecutionListener, org.springframework.boot.test.autoconfigure.web.client.MockRestServiceServerResetTestExecutionListener, org.springframework.boot.test.autoconfigure.web.servlet.MockMvcPrintOnlyOnFailureTestExecutionListener, org.springframework.boot.test.autoconfigure.web.servlet.WebDriverTestExecutionListener, org.springframework.boot.test.mock.mockito.MockitoTestExecutionListener, org.springframework.boot.test.mock.mockito.ResetMocksTestExecutionListener, org.springframework.test.context.web.ServletTestExecutionListener, org.springframework.test.context.support.DirtiesContextBeforeModesTestExecutionListener, org.springframework.test.context.support.DependencyInjectionTestExecutionListener, org.springframework.test.context.support.DirtiesContextTestExecutionListener, org.springframework.test.context.transaction.TransactionalTestExecutionListener, org.springframework.test.context.jdbc.SqlScriptsTestExecutionListener]
2019-02-06 19:46:28.487  INFO 16748 --- [    Test worker] .b.t.c.SpringBootTestContextBootstrapper : Using TestExecutionListeners: [org.springframework.test.context.web.ServletTestExecutionListener@dacb047, org.springframework.test.context.support.DirtiesContextBeforeModesTestExecutionListener@b3bc127, org.springframework.boot.test.mock.mockito.MockitoTestExecutionListener@1a1b310d, org.springframework.boot.test.autoconfigure.SpringBootDependencyInjectionTestExecutionListener@1dc9a675, org.springframework.test.context.support.DirtiesContextTestExecutionListener@758f1303, org.springframework.test.context.transaction.TransactionalTestExecutionListener@20e8c66c, org.springframework.test.context.jdbc.SqlScriptsTestExecutionListener@63b81825, org.springframework.boot.test.autoconfigure.restdocs.RestDocsTestExecutionListener@3392e029, org.springframework.boot.test.autoconfigure.web.client.MockRestServiceServerResetTestExecutionListener@3e08ea53, org.springframework.boot.test.autoconfigure.web.servlet.MockMvcPrintOnlyOnFailureTestExecutionListener@58359058, org.springframework.boot.test.autoconfigure.web.servlet.WebDriverTestExecutionListener@7befc24b, org.springframework.boot.test.mock.mockito.ResetMocksTestExecutionListener@5f58f6b7]
]]></system-out>
  <system-err><![CDATA[]]></system-err>
</testsuite>
