<?xml version="1.0" encoding="UTF-8"?>
<testsuite name="com.ceiba.ceibaparking.CeibaParkingApplicationTests" tests="1" skipped="0" failures="0" errors="0" timestamp="2019-02-06T22:00:41" hostname="NELSON-MEJIA" time="0.004">
  <properties/>
  <testcase name="contextLoads" classname="com.ceiba.ceibaparking.CeibaParkingApplicationTests" time="0.004"/>
  <system-out><![CDATA[2019-02-06 17:00:39.649  INFO 10748 --- [    Test worker] .b.t.c.SpringBootTestContextBootstrapper : Neither @ContextConfiguration nor @ContextHierarchy found for test class [com.ceiba.ceibaparking.CeibaParkingApplicationTests], using SpringBootContextLoader
2019-02-06 17:00:39.650  INFO 10748 --- [    Test worker] o.s.t.c.support.AbstractContextLoader    : Could not detect default resource locations for test class [com.ceiba.ceibaparking.CeibaParkingApplicationTests]: no resource found for suffixes {-context.xml, Context.groovy}.
2019-02-06 17:00:39.650  INFO 10748 --- [    Test worker] t.c.s.AnnotationConfigContextLoaderUtils : Could not detect default configuration classes for test class [com.ceiba.ceibaparking.CeibaParkingApplicationTests]: CeibaParkingApplicationTests does not declare any static, non-private, non-final, nested classes annotated with @Configuration.
2019-02-06 17:00:39.664  INFO 10748 --- [    Test worker] .b.t.c.SpringBootTestContextBootstrapper : Found @SpringBootConfiguration com.ceiba.ceibaparking.CeibaParkingApplication for test class com.ceiba.ceibaparking.CeibaParkingApplicationTests
2019-02-06 17:00:39.666  INFO 10748 --- [    Test worker] .b.t.c.SpringBootTestContextBootstrapper : Loaded default TestExecutionListener class names from location [META-INF/spring.factories]: [org.springframework.boot.test.autoconfigure.restdocs.RestDocsTestExecutionListener, org.springframework.boot.test.autoconfigure.web.client.MockRestServiceServerResetTestExecutionListener, org.springframework.boot.test.autoconfigure.web.servlet.MockMvcPrintOnlyOnFailureTestExecutionListener, org.springframework.boot.test.autoconfigure.web.servlet.WebDriverTestExecutionListener, org.springframework.boot.test.mock.mockito.MockitoTestExecutionListener, org.springframework.boot.test.mock.mockito.ResetMocksTestExecutionListener, org.springframework.test.context.web.ServletTestExecutionListener, org.springframework.test.context.support.DirtiesContextBeforeModesTestExecutionListener, org.springframework.test.context.support.DependencyInjectionTestExecutionListener, org.springframework.test.context.support.DirtiesContextTestExecutionListener, org.springframework.test.context.transaction.TransactionalTestExecutionListener, org.springframework.test.context.jdbc.SqlScriptsTestExecutionListener]
2019-02-06 17:00:39.667  INFO 10748 --- [    Test worker] .b.t.c.SpringBootTestContextBootstrapper : Using TestExecutionListeners: [org.springframework.test.context.web.ServletTestExecutionListener@2db61799, org.springframework.test.context.support.DirtiesContextBeforeModesTestExecutionListener@4c002f, org.springframework.boot.test.mock.mockito.MockitoTestExecutionListener@2c072840, org.springframework.boot.test.autoconfigure.SpringBootDependencyInjectionTestExecutionListener@67cae9a8, org.springframework.test.context.support.DirtiesContextTestExecutionListener@7a5d3017, org.springframework.test.context.transaction.TransactionalTestExecutionListener@1af01a0b, org.springframework.test.context.jdbc.SqlScriptsTestExecutionListener@f20743d, org.springframework.boot.test.autoconfigure.restdocs.RestDocsTestExecutionListener@3f974bd8, org.springframework.boot.test.autoconfigure.web.client.MockRestServiceServerResetTestExecutionListener@2c5909b5, org.springframework.boot.test.autoconfigure.web.servlet.MockMvcPrintOnlyOnFailureTestExecutionListener@36e37e77, org.springframework.boot.test.autoconfigure.web.servlet.WebDriverTestExecutionListener@3aee650a, org.springframework.boot.test.mock.mockito.ResetMocksTestExecutionListener@3f223004]

  .   ____          _            __ _ _
 /\\ / ___'_ __ _ _(_)_ __  __ _ \ \ \ \
( ( )\___ | '_ | '_| | '_ \/ _` | \ \ \ \
 \\/  ___)| |_)| | | | | || (_| |  ) ) ) )
  '  |____| .__|_| |_|_| |_\__, | / / / /
 =========|_|==============|___/=/_/_/_/
 :: Spring Boot ::        (v2.1.2.RELEASE)

2019-02-06 17:00:39.705  INFO 10748 --- [    Test worker] c.c.c.CeibaParkingApplicationTests       : Starting CeibaParkingApplicationTests on NELSON-MEJIA with PID 10748 (started by nelson.laverde in C:\Users\nelson.laverde\git2\ceiba-parking)
2019-02-06 17:00:39.705  INFO 10748 --- [    Test worker] c.c.c.CeibaParkingApplicationTests       : The following profiles are active: test
2019-02-06 17:00:39.955  INFO 10748 --- [    Test worker] .s.d.r.c.RepositoryConfigurationDelegate : Bootstrapping Spring Data repositories in DEFAULT mode.
2019-02-06 17:00:39.991  INFO 10748 --- [    Test worker] .s.d.r.c.RepositoryConfigurationDelegate : Finished Spring Data repository scanning in 36ms. Found 2 repository interfaces.
2019-02-06 17:00:40.077  INFO 10748 --- [    Test worker] trationDelegate$BeanPostProcessorChecker : Bean 'org.springframework.transaction.annotation.ProxyTransactionManagementConfiguration' of type [org.springframework.transaction.annotation.ProxyTransactionManagementConfiguration$$EnhancerBySpringCGLIB$$3d1cfdfa] is not eligible for getting processed by all BeanPostProcessors (for example: not eligible for auto-proxying)
2019-02-06 17:00:40.185  INFO 10748 --- [    Test worker] com.zaxxer.hikari.HikariDataSource       : HikariPool-2 - Starting...
2019-02-06 17:00:40.186  INFO 10748 --- [    Test worker] com.zaxxer.hikari.HikariDataSource       : HikariPool-2 - Start completed.
2019-02-06 17:00:40.220  INFO 10748 --- [    Test worker] o.hibernate.jpa.internal.util.LogHelper  : HHH000204: Processing PersistenceUnitInfo [
	name: default
	...]
2019-02-06 17:00:40.232  INFO 10748 --- [    Test worker] org.hibernate.dialect.Dialect            : HHH000400: Using dialect: org.hibernate.dialect.H2Dialect
2019-02-06 17:00:40.340  INFO 10748 --- [    Test worker] j.LocalContainerEntityManagerFactoryBean : Initialized JPA EntityManagerFactory for persistence unit 'default'
2019-02-06 17:00:40.415  INFO 10748 --- [    Test worker] o.h.h.i.QueryTranslatorFactoryInitiator  : HHH000397: Using ASTQueryTranslatorFactory
2019-02-06 17:00:40.870  INFO 10748 --- [    Test worker] o.s.s.concurrent.ThreadPoolTaskExecutor  : Initializing ExecutorService 'applicationTaskExecutor'
2019-02-06 17:00:40.888  WARN 10748 --- [    Test worker] aWebConfiguration$JpaWebMvcConfiguration : spring.jpa.open-in-view is enabled by default. Therefore, database queries may be performed during view rendering. Explicitly configure spring.jpa.open-in-view to disable this warning
2019-02-06 17:00:41.236  INFO 10748 --- [    Test worker] c.c.c.CeibaParkingApplicationTests       : Started CeibaParkingApplicationTests in 1.562 seconds (JVM running for 13.147)
]]></system-out>
  <system-err><![CDATA[]]></system-err>
</testsuite>
