<?xml version="1.0" encoding="UTF-8"?>
<testsuite name="com.ceiba.ceibaparking.unit.ParkingSearchUnitTest" tests="2" skipped="0" failures="0" errors="0" timestamp="2019-02-07T04:01:51" hostname="NELSON-MEJIA" time="0.006">
  <properties/>
  <testcase name="successEmptyResult" classname="com.ceiba.ceibaparking.unit.ParkingSearchUnitTest" time="0.002"/>
  <testcase name="successNotEmptyResult" classname="com.ceiba.ceibaparking.unit.ParkingSearchUnitTest" time="0.003"/>
  <system-out><![CDATA[2019-02-06 23:01:51.141  INFO 5812 --- [    Test worker] .b.t.c.SpringBootTestContextBootstrapper : Neither @ContextConfiguration nor @ContextHierarchy found for test class [com.ceiba.ceibaparking.unit.ParkingSearchUnitTest], using SpringBootContextLoader
2019-02-06 23:01:51.142  INFO 5812 --- [    Test worker] o.s.t.c.support.AbstractContextLoader    : Could not detect default resource locations for test class [com.ceiba.ceibaparking.unit.ParkingSearchUnitTest]: no resource found for suffixes {-context.xml, Context.groovy}.
2019-02-06 23:01:51.142  INFO 5812 --- [    Test worker] t.c.s.AnnotationConfigContextLoaderUtils : Could not detect default configuration classes for test class [com.ceiba.ceibaparking.unit.ParkingSearchUnitTest]: ParkingSearchUnitTest does not declare any static, non-private, non-final, nested classes annotated with @Configuration.
2019-02-06 23:01:51.144  INFO 5812 --- [    Test worker] .b.t.c.SpringBootTestContextBootstrapper : Found @SpringBootConfiguration com.ceiba.ceibaparking.CeibaParkingApplication for test class com.ceiba.ceibaparking.unit.ParkingSearchUnitTest
2019-02-06 23:01:51.145  INFO 5812 --- [    Test worker] .b.t.c.SpringBootTestContextBootstrapper : Loaded default TestExecutionListener class names from location [META-INF/spring.factories]: [org.springframework.boot.test.autoconfigure.restdocs.RestDocsTestExecutionListener, org.springframework.boot.test.autoconfigure.web.client.MockRestServiceServerResetTestExecutionListener, org.springframework.boot.test.autoconfigure.web.servlet.MockMvcPrintOnlyOnFailureTestExecutionListener, org.springframework.boot.test.autoconfigure.web.servlet.WebDriverTestExecutionListener, org.springframework.boot.test.mock.mockito.MockitoTestExecutionListener, org.springframework.boot.test.mock.mockito.ResetMocksTestExecutionListener, org.springframework.test.context.web.ServletTestExecutionListener, org.springframework.test.context.support.DirtiesContextBeforeModesTestExecutionListener, org.springframework.test.context.support.DependencyInjectionTestExecutionListener, org.springframework.test.context.support.DirtiesContextTestExecutionListener, org.springframework.test.context.transaction.TransactionalTestExecutionListener, org.springframework.test.context.jdbc.SqlScriptsTestExecutionListener]
2019-02-06 23:01:51.146  INFO 5812 --- [    Test worker] .b.t.c.SpringBootTestContextBootstrapper : Using TestExecutionListeners: [org.springframework.test.context.web.ServletTestExecutionListener@310d5222, org.springframework.test.context.support.DirtiesContextBeforeModesTestExecutionListener@149b25f4, org.springframework.boot.test.mock.mockito.MockitoTestExecutionListener@51b62bf1, org.springframework.boot.test.autoconfigure.SpringBootDependencyInjectionTestExecutionListener@2d9b0de4, org.springframework.test.context.support.DirtiesContextTestExecutionListener@765cd637, org.springframework.test.context.transaction.TransactionalTestExecutionListener@3b25e98d, org.springframework.test.context.jdbc.SqlScriptsTestExecutionListener@5bacb4bb, org.springframework.boot.test.autoconfigure.restdocs.RestDocsTestExecutionListener@2ead7607, org.springframework.boot.test.autoconfigure.web.client.MockRestServiceServerResetTestExecutionListener@3ed0f08b, org.springframework.boot.test.autoconfigure.web.servlet.MockMvcPrintOnlyOnFailureTestExecutionListener@2a2d0f5d, org.springframework.boot.test.autoconfigure.web.servlet.WebDriverTestExecutionListener@149a6fcf, org.springframework.boot.test.mock.mockito.ResetMocksTestExecutionListener@51c22e15]
]]></system-out>
  <system-err><![CDATA[]]></system-err>
</testsuite>
