<?xml version="1.0" encoding="UTF-8"?>
<testsuite name="com.ceiba.ceibaparking.unit.ParkingExitUnitTest" tests="1" skipped="0" failures="0" errors="0" timestamp="2019-02-06T14:20:12" hostname="NELSON-MEJIA" time="0.026">
  <properties/>
  <testcase name="successBillParkingByCarAndHour" classname="com.ceiba.ceibaparking.unit.ParkingExitUnitTest" time="0.026"/>
  <system-out><![CDATA[2019-02-06 09:20:12.669  INFO 3228 --- [    Test worker] .b.t.c.SpringBootTestContextBootstrapper : Neither @ContextConfiguration nor @ContextHierarchy found for test class [com.ceiba.ceibaparking.unit.ParkingExitUnitTest], using SpringBootContextLoader
2019-02-06 09:20:12.670  INFO 3228 --- [    Test worker] o.s.t.c.support.AbstractContextLoader    : Could not detect default resource locations for test class [com.ceiba.ceibaparking.unit.ParkingExitUnitTest]: no resource found for suffixes {-context.xml, Context.groovy}.
2019-02-06 09:20:12.670  INFO 3228 --- [    Test worker] t.c.s.AnnotationConfigContextLoaderUtils : Could not detect default configuration classes for test class [com.ceiba.ceibaparking.unit.ParkingExitUnitTest]: ParkingExitUnitTest does not declare any static, non-private, non-final, nested classes annotated with @Configuration.
2019-02-06 09:20:12.672  INFO 3228 --- [    Test worker] .b.t.c.SpringBootTestContextBootstrapper : Found @SpringBootConfiguration com.ceiba.ceibaparking.CeibaParkingApplication for test class com.ceiba.ceibaparking.unit.ParkingExitUnitTest
2019-02-06 09:20:12.674  INFO 3228 --- [    Test worker] .b.t.c.SpringBootTestContextBootstrapper : Loaded default TestExecutionListener class names from location [META-INF/spring.factories]: [org.springframework.boot.test.autoconfigure.restdocs.RestDocsTestExecutionListener, org.springframework.boot.test.autoconfigure.web.client.MockRestServiceServerResetTestExecutionListener, org.springframework.boot.test.autoconfigure.web.servlet.MockMvcPrintOnlyOnFailureTestExecutionListener, org.springframework.boot.test.autoconfigure.web.servlet.WebDriverTestExecutionListener, org.springframework.boot.test.mock.mockito.MockitoTestExecutionListener, org.springframework.boot.test.mock.mockito.ResetMocksTestExecutionListener, org.springframework.test.context.web.ServletTestExecutionListener, org.springframework.test.context.support.DirtiesContextBeforeModesTestExecutionListener, org.springframework.test.context.support.DependencyInjectionTestExecutionListener, org.springframework.test.context.support.DirtiesContextTestExecutionListener, org.springframework.test.context.transaction.TransactionalTestExecutionListener, org.springframework.test.context.jdbc.SqlScriptsTestExecutionListener]
2019-02-06 09:20:12.674  INFO 3228 --- [    Test worker] .b.t.c.SpringBootTestContextBootstrapper : Using TestExecutionListeners: [org.springframework.test.context.web.ServletTestExecutionListener@133b13f7, org.springframework.test.context.support.DirtiesContextBeforeModesTestExecutionListener@2127cf41, org.springframework.boot.test.mock.mockito.MockitoTestExecutionListener@5a3855cf, org.springframework.boot.test.autoconfigure.SpringBootDependencyInjectionTestExecutionListener@618ad55d, org.springframework.test.context.support.DirtiesContextTestExecutionListener@2ae5c630, org.springframework.test.context.transaction.TransactionalTestExecutionListener@352759ea, org.springframework.test.context.jdbc.SqlScriptsTestExecutionListener@2d29f4ac, org.springframework.boot.test.autoconfigure.restdocs.RestDocsTestExecutionListener@1abeec69, org.springframework.boot.test.autoconfigure.web.client.MockRestServiceServerResetTestExecutionListener@1e6e6d48, org.springframework.boot.test.autoconfigure.web.servlet.MockMvcPrintOnlyOnFailureTestExecutionListener@11099f66, org.springframework.boot.test.autoconfigure.web.servlet.WebDriverTestExecutionListener@73e7857f, org.springframework.boot.test.mock.mockito.ResetMocksTestExecutionListener@1e57f2ce]
]]></system-out>
  <system-err><![CDATA[]]></system-err>
</testsuite>
