<?xml version="1.0" encoding="UTF-8"?>
<testsuite name="com.ceiba.ceibaparking.unit.VehicleUnitTest" tests="2" skipped="0" failures="0" errors="0" timestamp="2019-02-06T14:20:12" hostname="NELSON-MEJIA" time="0.009">
  <properties/>
  <testcase name="successRegisterVehicle" classname="com.ceiba.ceibaparking.unit.VehicleUnitTest" time="0.004"/>
  <testcase name="successFindVehicleByLicensePlate" classname="com.ceiba.ceibaparking.unit.VehicleUnitTest" time="0.004"/>
  <system-out><![CDATA[2019-02-06 09:20:12.721  INFO 3228 --- [    Test worker] .b.t.c.SpringBootTestContextBootstrapper : Neither @ContextConfiguration nor @ContextHierarchy found for test class [com.ceiba.ceibaparking.unit.VehicleUnitTest], using SpringBootContextLoader
2019-02-06 09:20:12.722  INFO 3228 --- [    Test worker] o.s.t.c.support.AbstractContextLoader    : Could not detect default resource locations for test class [com.ceiba.ceibaparking.unit.VehicleUnitTest]: no resource found for suffixes {-context.xml, Context.groovy}.
2019-02-06 09:20:12.722  INFO 3228 --- [    Test worker] t.c.s.AnnotationConfigContextLoaderUtils : Could not detect default configuration classes for test class [com.ceiba.ceibaparking.unit.VehicleUnitTest]: VehicleUnitTest does not declare any static, non-private, non-final, nested classes annotated with @Configuration.
2019-02-06 09:20:12.724  INFO 3228 --- [    Test worker] .b.t.c.SpringBootTestContextBootstrapper : Found @SpringBootConfiguration com.ceiba.ceibaparking.CeibaParkingApplication for test class com.ceiba.ceibaparking.unit.VehicleUnitTest
2019-02-06 09:20:12.725  INFO 3228 --- [    Test worker] .b.t.c.SpringBootTestContextBootstrapper : Loaded default TestExecutionListener class names from location [META-INF/spring.factories]: [org.springframework.boot.test.autoconfigure.restdocs.RestDocsTestExecutionListener, org.springframework.boot.test.autoconfigure.web.client.MockRestServiceServerResetTestExecutionListener, org.springframework.boot.test.autoconfigure.web.servlet.MockMvcPrintOnlyOnFailureTestExecutionListener, org.springframework.boot.test.autoconfigure.web.servlet.WebDriverTestExecutionListener, org.springframework.boot.test.mock.mockito.MockitoTestExecutionListener, org.springframework.boot.test.mock.mockito.ResetMocksTestExecutionListener, org.springframework.test.context.web.ServletTestExecutionListener, org.springframework.test.context.support.DirtiesContextBeforeModesTestExecutionListener, org.springframework.test.context.support.DependencyInjectionTestExecutionListener, org.springframework.test.context.support.DirtiesContextTestExecutionListener, org.springframework.test.context.transaction.TransactionalTestExecutionListener, org.springframework.test.context.jdbc.SqlScriptsTestExecutionListener]
2019-02-06 09:20:12.725  INFO 3228 --- [    Test worker] .b.t.c.SpringBootTestContextBootstrapper : Using TestExecutionListeners: [org.springframework.test.context.web.ServletTestExecutionListener@2779d603, org.springframework.test.context.support.DirtiesContextBeforeModesTestExecutionListener@4d35e247, org.springframework.boot.test.mock.mockito.MockitoTestExecutionListener@7ebebbd5, org.springframework.boot.test.autoconfigure.SpringBootDependencyInjectionTestExecutionListener@705d341a, org.springframework.test.context.support.DirtiesContextTestExecutionListener@197d2ddc, org.springframework.test.context.transaction.TransactionalTestExecutionListener@7b38d36e, org.springframework.test.context.jdbc.SqlScriptsTestExecutionListener@7053afcf, org.springframework.boot.test.autoconfigure.restdocs.RestDocsTestExecutionListener@69b7b83b, org.springframework.boot.test.autoconfigure.web.client.MockRestServiceServerResetTestExecutionListener@19546b1c, org.springframework.boot.test.autoconfigure.web.servlet.MockMvcPrintOnlyOnFailureTestExecutionListener@244a78fb, org.springframework.boot.test.autoconfigure.web.servlet.WebDriverTestExecutionListener@498a866a, org.springframework.boot.test.mock.mockito.ResetMocksTestExecutionListener@1d288900]
]]></system-out>
  <system-err><![CDATA[]]></system-err>
</testsuite>
