<?xml version="1.0" encoding="UTF-8"?>
<testsuite name="com.ceiba.ceibaparking.CeibaParkingApplicationTests" tests="1" skipped="0" failures="0" errors="0" timestamp="2019-02-07T18:21:50" hostname="NELSON-MEJIA" time="0.051">
  <properties/>
  <testcase name="contextLoads" classname="com.ceiba.ceibaparking.CeibaParkingApplicationTests" time="0.051"/>
  <system-out><![CDATA[
  .   ____          _            __ _ _
 /\\ / ___'_ __ _ _(_)_ __  __ _ \ \ \ \
( ( )\___ | '_ | '_| | '_ \/ _` | \ \ \ \
 \\/  ___)| |_)| | | | | || (_| |  ) ) ) )
  '  |____| .__|_| |_|_| |_\__, | / / / /
 =========|_|==============|___/=/_/_/_/
 :: Spring Boot ::        (v2.1.2.RELEASE)

2019-02-07 13:21:42.819  INFO 11604 --- [    Test worker] c.c.c.CeibaParkingApplicationTests       : Starting CeibaParkingApplicationTests on NELSON-MEJIA with PID 11604 (started by nelson.laverde in C:\Users\nelson.laverde\git2\ceiba-parking)
2019-02-07 13:21:42.838  INFO 11604 --- [    Test worker] c.c.c.CeibaParkingApplicationTests       : The following profiles are active: test
2019-02-07 13:21:44.030  INFO 11604 --- [    Test worker] .s.d.r.c.RepositoryConfigurationDelegate : Bootstrapping Spring Data repositories in DEFAULT mode.
2019-02-07 13:21:44.158  INFO 11604 --- [    Test worker] .s.d.r.c.RepositoryConfigurationDelegate : Finished Spring Data repository scanning in 114ms. Found 2 repository interfaces.
2019-02-07 13:21:44.775  INFO 11604 --- [    Test worker] trationDelegate$BeanPostProcessorChecker : Bean 'org.springframework.transaction.annotation.ProxyTransactionManagementConfiguration' of type [org.springframework.transaction.annotation.ProxyTransactionManagementConfiguration$$EnhancerBySpringCGLIB$$53804b5c] is not eligible for getting processed by all BeanPostProcessors (for example: not eligible for auto-proxying)
2019-02-07 13:21:45.128  INFO 11604 --- [    Test worker] c.z.h.HikariDataSource                   : HikariPool-1 - Starting...
2019-02-07 13:21:45.496  INFO 11604 --- [    Test worker] c.z.h.HikariDataSource                   : HikariPool-1 - Start completed.
2019-02-07 13:21:45.625  INFO 11604 --- [    Test worker] o.h.j.i.u.LogHelper                      : HHH000204: Processing PersistenceUnitInfo [
	name: default
	...]
2019-02-07 13:21:45.764  INFO 11604 --- [    Test worker] o.h.Version                              : HHH000412: Hibernate Core {5.3.7.Final}
2019-02-07 13:21:45.766  INFO 11604 --- [    Test worker] o.h.c.Environment                        : HHH000206: hibernate.properties not found
2019-02-07 13:21:46.012  INFO 11604 --- [    Test worker] o.h.a.c.Version                          : HCANN000001: Hibernate Commons Annotations {5.0.4.Final}
2019-02-07 13:21:46.304  INFO 11604 --- [    Test worker] o.h.d.Dialect                            : HHH000400: Using dialect: org.hibernate.dialect.H2Dialect
Hibernate: create table parking_record (id bigint not null, bill_value double not null, entry_date timestamp not null, out_date timestamp, vehicle_id bigint not null, primary key (id))
Hibernate: create table vehicle (id bigint not null, cubic_centimeters integer, license_plate varchar(255) not null, vehicle_type varchar(255) not null, primary key (id))
Hibernate: alter table vehicle drop constraint if exists UK_j5v3su3bdx4bvsk1t9dga4bsq
Hibernate: alter table vehicle add constraint UK_j5v3su3bdx4bvsk1t9dga4bsq unique (license_plate)
Hibernate: create sequence hibernate_sequence start with 1 increment by 1
Hibernate: alter table parking_record add constraint FKr0fm1chd12hsupf3r08y2l315 foreign key (vehicle_id) references vehicle
2019-02-07 13:21:47.722  INFO 11604 --- [    Test worker] j.LocalContainerEntityManagerFactoryBean : Initialized JPA EntityManagerFactory for persistence unit 'default'
2019-02-07 13:21:48.194  INFO 11604 --- [    Test worker] o.h.h.i.QueryTranslatorFactoryInitiator  : HHH000397: Using ASTQueryTranslatorFactory
2019-02-07 13:21:49.555  INFO 11604 --- [    Test worker] o.s.s.c.ThreadPoolTaskExecutor           : Initializing ExecutorService 'applicationTaskExecutor'
2019-02-07 13:21:49.669  WARN 11604 --- [    Test worker] aWebConfiguration$JpaWebMvcConfiguration : spring.jpa.open-in-view is enabled by default. Therefore, database queries may be performed during view rendering. Explicitly configure spring.jpa.open-in-view to disable this warning
2019-02-07 13:21:50.210  INFO 11604 --- [    Test worker] c.c.c.CeibaParkingApplicationTests       : Started CeibaParkingApplicationTests in 7.941 seconds (JVM running for 10.649)
]]></system-out>
  <system-err><![CDATA[]]></system-err>
</testsuite>
