<?xml version="1.0" encoding="UTF-8"?>
<testsuite name="com.ceiba.ceibaparking.unit.VehicleUnitTest" tests="2" skipped="0" failures="0" errors="0" timestamp="2019-02-07T04:01:51" hostname="NELSON-MEJIA" time="0.006">
  <properties/>
  <testcase name="successRegisterVehicle" classname="com.ceiba.ceibaparking.unit.VehicleUnitTest" time="0.002"/>
  <testcase name="successFindVehicleByLicensePlate" classname="com.ceiba.ceibaparking.unit.VehicleUnitTest" time="0.003"/>
  <system-out><![CDATA[2019-02-06 23:01:51.156  INFO 5812 --- [    Test worker] .b.t.c.SpringBootTestContextBootstrapper : Neither @ContextConfiguration nor @ContextHierarchy found for test class [com.ceiba.ceibaparking.unit.VehicleUnitTest], using SpringBootContextLoader
2019-02-06 23:01:51.157  INFO 5812 --- [    Test worker] o.s.t.c.support.AbstractContextLoader    : Could not detect default resource locations for test class [com.ceiba.ceibaparking.unit.VehicleUnitTest]: no resource found for suffixes {-context.xml, Context.groovy}.
2019-02-06 23:01:51.157  INFO 5812 --- [    Test worker] t.c.s.AnnotationConfigContextLoaderUtils : Could not detect default configuration classes for test class [com.ceiba.ceibaparking.unit.VehicleUnitTest]: VehicleUnitTest does not declare any static, non-private, non-final, nested classes annotated with @Configuration.
2019-02-06 23:01:51.159  INFO 5812 --- [    Test worker] .b.t.c.SpringBootTestContextBootstrapper : Found @SpringBootConfiguration com.ceiba.ceibaparking.CeibaParkingApplication for test class com.ceiba.ceibaparking.unit.VehicleUnitTest
2019-02-06 23:01:51.161  INFO 5812 --- [    Test worker] .b.t.c.SpringBootTestContextBootstrapper : Loaded default TestExecutionListener class names from location [META-INF/spring.factories]: [org.springframework.boot.test.autoconfigure.restdocs.RestDocsTestExecutionListener, org.springframework.boot.test.autoconfigure.web.client.MockRestServiceServerResetTestExecutionListener, org.springframework.boot.test.autoconfigure.web.servlet.MockMvcPrintOnlyOnFailureTestExecutionListener, org.springframework.boot.test.autoconfigure.web.servlet.WebDriverTestExecutionListener, org.springframework.boot.test.mock.mockito.MockitoTestExecutionListener, org.springframework.boot.test.mock.mockito.ResetMocksTestExecutionListener, org.springframework.test.context.web.ServletTestExecutionListener, org.springframework.test.context.support.DirtiesContextBeforeModesTestExecutionListener, org.springframework.test.context.support.DependencyInjectionTestExecutionListener, org.springframework.test.context.support.DirtiesContextTestExecutionListener, org.springframework.test.context.transaction.TransactionalTestExecutionListener, org.springframework.test.context.jdbc.SqlScriptsTestExecutionListener]
2019-02-06 23:01:51.161  INFO 5812 --- [    Test worker] .b.t.c.SpringBootTestContextBootstrapper : Using TestExecutionListeners: [org.springframework.test.context.web.ServletTestExecutionListener@51a6e235, org.springframework.test.context.support.DirtiesContextBeforeModesTestExecutionListener@2392de19, org.springframework.boot.test.mock.mockito.MockitoTestExecutionListener@5b018b5, org.springframework.boot.test.autoconfigure.SpringBootDependencyInjectionTestExecutionListener@38812653, org.springframework.test.context.support.DirtiesContextTestExecutionListener@5ed0dc3c, org.springframework.test.context.transaction.TransactionalTestExecutionListener@6b07b3e9, org.springframework.test.context.jdbc.SqlScriptsTestExecutionListener@6e777b8c, org.springframework.boot.test.autoconfigure.restdocs.RestDocsTestExecutionListener@5ff57baf, org.springframework.boot.test.autoconfigure.web.client.MockRestServiceServerResetTestExecutionListener@79c7d51, org.springframework.boot.test.autoconfigure.web.servlet.MockMvcPrintOnlyOnFailureTestExecutionListener@51521eb0, org.springframework.boot.test.autoconfigure.web.servlet.WebDriverTestExecutionListener@42ca40d, org.springframework.boot.test.mock.mockito.ResetMocksTestExecutionListener@70f09f24]
]]></system-out>
  <system-err><![CDATA[]]></system-err>
</testsuite>
