<?xml version="1.0" encoding="UTF-8"?>
<testsuite name="com.ceiba.ceibaparking.integration.ParkingExitIntegrationTest" tests="1" skipped="0" failures="0" errors="0" timestamp="2019-02-07T04:01:50" hostname="NELSON-MEJIA" time="0.052">
  <properties/>
  <testcase name="successRegisterParkingExit" classname="com.ceiba.ceibaparking.integration.ParkingExitIntegrationTest" time="0.052"/>
  <system-out><![CDATA[2019-02-06 23:01:49.218  INFO 5812 --- [    Test worker] .b.t.c.SpringBootTestContextBootstrapper : Neither @ContextConfiguration nor @ContextHierarchy found for test class [com.ceiba.ceibaparking.integration.ParkingExitIntegrationTest], using SpringBootContextLoader
2019-02-06 23:01:49.219  INFO 5812 --- [    Test worker] o.s.t.c.support.AbstractContextLoader    : Could not detect default resource locations for test class [com.ceiba.ceibaparking.integration.ParkingExitIntegrationTest]: no resource found for suffixes {-context.xml, Context.groovy}.
2019-02-06 23:01:49.220  INFO 5812 --- [    Test worker] t.c.s.AnnotationConfigContextLoaderUtils : Could not detect default configuration classes for test class [com.ceiba.ceibaparking.integration.ParkingExitIntegrationTest]: ParkingExitIntegrationTest does not declare any static, non-private, non-final, nested classes annotated with @Configuration.
2019-02-06 23:01:49.223  INFO 5812 --- [    Test worker] .b.t.c.SpringBootTestContextBootstrapper : Found @SpringBootConfiguration com.ceiba.ceibaparking.CeibaParkingApplication for test class com.ceiba.ceibaparking.integration.ParkingExitIntegrationTest
2019-02-06 23:01:49.226  INFO 5812 --- [    Test worker] .b.t.c.SpringBootTestContextBootstrapper : Loaded default TestExecutionListener class names from location [META-INF/spring.factories]: [org.springframework.boot.test.autoconfigure.restdocs.RestDocsTestExecutionListener, org.springframework.boot.test.autoconfigure.web.client.MockRestServiceServerResetTestExecutionListener, org.springframework.boot.test.autoconfigure.web.servlet.MockMvcPrintOnlyOnFailureTestExecutionListener, org.springframework.boot.test.autoconfigure.web.servlet.WebDriverTestExecutionListener, org.springframework.boot.test.mock.mockito.MockitoTestExecutionListener, org.springframework.boot.test.mock.mockito.ResetMocksTestExecutionListener, org.springframework.test.context.web.ServletTestExecutionListener, org.springframework.test.context.support.DirtiesContextBeforeModesTestExecutionListener, org.springframework.test.context.support.DependencyInjectionTestExecutionListener, org.springframework.test.context.support.DirtiesContextTestExecutionListener, org.springframework.test.context.transaction.TransactionalTestExecutionListener, org.springframework.test.context.jdbc.SqlScriptsTestExecutionListener]
2019-02-06 23:01:49.227  INFO 5812 --- [    Test worker] .b.t.c.SpringBootTestContextBootstrapper : Using TestExecutionListeners: [org.springframework.test.context.web.ServletTestExecutionListener@5989a5ca, org.springframework.test.context.support.DirtiesContextBeforeModesTestExecutionListener@358f3e95, org.springframework.boot.test.mock.mockito.MockitoTestExecutionListener@1616fae2, org.springframework.boot.test.autoconfigure.SpringBootDependencyInjectionTestExecutionListener@3276be53, org.springframework.test.context.support.DirtiesContextTestExecutionListener@26c5fa22, org.springframework.test.context.transaction.TransactionalTestExecutionListener@6af203f9, org.springframework.test.context.jdbc.SqlScriptsTestExecutionListener@4b9235af, org.springframework.boot.test.autoconfigure.restdocs.RestDocsTestExecutionListener@4c119ea8, org.springframework.boot.test.autoconfigure.web.client.MockRestServiceServerResetTestExecutionListener@458c69e2, org.springframework.boot.test.autoconfigure.web.servlet.MockMvcPrintOnlyOnFailureTestExecutionListener@3f1b5761, org.springframework.boot.test.autoconfigure.web.servlet.WebDriverTestExecutionListener@65fe3260, org.springframework.boot.test.mock.mockito.ResetMocksTestExecutionListener@25da04a9]

  .   ____          _            __ _ _
 /\\ / ___'_ __ _ _(_)_ __  __ _ \ \ \ \
( ( )\___ | '_ | '_| | '_ \/ _` | \ \ \ \
 \\/  ___)| |_)| | | | | || (_| |  ) ) ) )
  '  |____| .__|_| |_|_| |_\__, | / / / /
 =========|_|==============|___/=/_/_/_/
 :: Spring Boot ::        (v2.1.2.RELEASE)

2019-02-06 23:01:49.253  INFO 5812 --- [    Test worker] c.c.c.i.ParkingExitIntegrationTest       : Starting ParkingExitIntegrationTest on NELSON-MEJIA with PID 5812 (started by nelson.laverde in C:\Users\nelson.laverde\git2\ceiba-parking)
2019-02-06 23:01:49.255  INFO 5812 --- [    Test worker] c.c.c.i.ParkingExitIntegrationTest       : No active profile set, falling back to default profiles: default
2019-02-06 23:01:49.488  INFO 5812 --- [    Test worker] .s.d.r.c.RepositoryConfigurationDelegate : Bootstrapping Spring Data repositories in DEFAULT mode.
2019-02-06 23:01:49.520  INFO 5812 --- [    Test worker] .s.d.r.c.RepositoryConfigurationDelegate : Finished Spring Data repository scanning in 32ms. Found 2 repository interfaces.
2019-02-06 23:01:49.602  INFO 5812 --- [    Test worker] trationDelegate$BeanPostProcessorChecker : Bean 'org.springframework.transaction.annotation.ProxyTransactionManagementConfiguration' of type [org.springframework.transaction.annotation.ProxyTransactionManagementConfiguration$$EnhancerBySpringCGLIB$$a1724bd1] is not eligible for getting processed by all BeanPostProcessors (for example: not eligible for auto-proxying)
2019-02-06 23:01:49.682  INFO 5812 --- [    Test worker] com.zaxxer.hikari.HikariDataSource       : HikariPool-3 - Starting...
2019-02-06 23:01:49.683  INFO 5812 --- [    Test worker] com.zaxxer.hikari.HikariDataSource       : HikariPool-3 - Start completed.
2019-02-06 23:01:49.710  INFO 5812 --- [    Test worker] o.hibernate.jpa.internal.util.LogHelper  : HHH000204: Processing PersistenceUnitInfo [
	name: default
	...]
2019-02-06 23:01:49.723  INFO 5812 --- [    Test worker] org.hibernate.dialect.Dialect            : HHH000400: Using dialect: org.hibernate.dialect.H2Dialect
2019-02-06 23:01:49.791  INFO 5812 --- [    Test worker] j.LocalContainerEntityManagerFactoryBean : Initialized JPA EntityManagerFactory for persistence unit 'default'
2019-02-06 23:01:49.926  INFO 5812 --- [    Test worker] o.h.h.i.QueryTranslatorFactoryInitiator  : HHH000397: Using ASTQueryTranslatorFactory
2019-02-06 23:01:50.016  INFO 5812 --- [    Test worker] .s.s.UserDetailsServiceAutoConfiguration : 

Using generated security password: ab737c9d-0078-4c88-a248-d2c93ad67da8

2019-02-06 23:01:50.111  INFO 5812 --- [    Test worker] o.s.s.web.DefaultSecurityFilterChain     : Creating filter chain: any request, [org.springframework.security.web.context.request.async.WebAsyncManagerIntegrationFilter@30cd7d56, org.springframework.security.web.context.SecurityContextPersistenceFilter@2971eee1, org.springframework.security.web.header.HeaderWriterFilter@2f2f770d, org.springframework.security.web.authentication.logout.LogoutFilter@166d8f9c, org.springframework.security.web.savedrequest.RequestCacheAwareFilter@7ce3b9be, org.springframework.security.web.servletapi.SecurityContextHolderAwareRequestFilter@28a03e30, org.springframework.security.web.authentication.AnonymousAuthenticationFilter@51821cb8, org.springframework.security.web.session.SessionManagementFilter@5f8c2fef, org.springframework.security.web.access.ExceptionTranslationFilter@1068b5e4]
2019-02-06 23:01:50.376  INFO 5812 --- [    Test worker] o.s.s.concurrent.ThreadPoolTaskExecutor  : Initializing ExecutorService 'applicationTaskExecutor'
2019-02-06 23:01:50.388  WARN 5812 --- [    Test worker] aWebConfiguration$JpaWebMvcConfiguration : spring.jpa.open-in-view is enabled by default. Therefore, database queries may be performed during view rendering. Explicitly configure spring.jpa.open-in-view to disable this warning
2019-02-06 23:01:50.675  INFO 5812 --- [    Test worker] o.s.b.t.m.w.SpringBootMockServletContext : Initializing Spring TestDispatcherServlet ''
2019-02-06 23:01:50.675  INFO 5812 --- [    Test worker] o.s.t.web.servlet.TestDispatcherServlet  : Initializing Servlet ''
2019-02-06 23:01:50.684  INFO 5812 --- [    Test worker] o.s.t.web.servlet.TestDispatcherServlet  : Completed initialization in 9 ms
2019-02-06 23:01:50.697  INFO 5812 --- [    Test worker] c.c.c.i.ParkingExitIntegrationTest       : Started ParkingExitIntegrationTest in 1.468 seconds (JVM running for 13.595)
Hibernate: call next value for hibernate_sequence
Hibernate: insert into vehicle (cubic_centimeters, license_plate, vehicle_type, id) values (?, ?, ?, ?)
Hibernate: call next value for hibernate_sequence
Hibernate: insert into parking_record (bill_value, entry_date, out_date, vehicle_id, id) values (?, ?, ?, ?, ?)
Hibernate: call next value for hibernate_sequence
Hibernate: insert into vehicle (cubic_centimeters, license_plate, vehicle_type, id) values (?, ?, ?, ?)
Hibernate: call next value for hibernate_sequence
Hibernate: insert into parking_record (bill_value, entry_date, out_date, vehicle_id, id) values (?, ?, ?, ?, ?)
Hibernate: call next value for hibernate_sequence
Hibernate: insert into vehicle (cubic_centimeters, license_plate, vehicle_type, id) values (?, ?, ?, ?)
Hibernate: call next value for hibernate_sequence
Hibernate: insert into parking_record (bill_value, entry_date, out_date, vehicle_id, id) values (?, ?, ?, ?, ?)
Hibernate: call next value for hibernate_sequence
Hibernate: insert into vehicle (cubic_centimeters, license_plate, vehicle_type, id) values (?, ?, ?, ?)
Hibernate: call next value for hibernate_sequence
Hibernate: insert into parking_record (bill_value, entry_date, out_date, vehicle_id, id) values (?, ?, ?, ?, ?)
Hibernate: call next value for hibernate_sequence
Hibernate: insert into vehicle (cubic_centimeters, license_plate, vehicle_type, id) values (?, ?, ?, ?)
Hibernate: call next value for hibernate_sequence
Hibernate: insert into parking_record (bill_value, entry_date, out_date, vehicle_id, id) values (?, ?, ?, ?, ?)
Hibernate: call next value for hibernate_sequence
Hibernate: insert into vehicle (cubic_centimeters, license_plate, vehicle_type, id) values (?, ?, ?, ?)
Hibernate: call next value for hibernate_sequence
Hibernate: insert into parking_record (bill_value, entry_date, out_date, vehicle_id, id) values (?, ?, ?, ?, ?)
Hibernate: call next value for hibernate_sequence
Hibernate: insert into vehicle (cubic_centimeters, license_plate, vehicle_type, id) values (?, ?, ?, ?)
Hibernate: call next value for hibernate_sequence
Hibernate: insert into parking_record (bill_value, entry_date, out_date, vehicle_id, id) values (?, ?, ?, ?, ?)
Hibernate: call next value for hibernate_sequence
Hibernate: insert into vehicle (cubic_centimeters, license_plate, vehicle_type, id) values (?, ?, ?, ?)
Hibernate: call next value for hibernate_sequence
Hibernate: insert into parking_record (bill_value, entry_date, out_date, vehicle_id, id) values (?, ?, ?, ?, ?)
Hibernate: call next value for hibernate_sequence
Hibernate: insert into vehicle (cubic_centimeters, license_plate, vehicle_type, id) values (?, ?, ?, ?)
Hibernate: call next value for hibernate_sequence
Hibernate: insert into parking_record (bill_value, entry_date, out_date, vehicle_id, id) values (?, ?, ?, ?, ?)
Hibernate: select vehicleent0_.id as id1_1_, vehicleent0_.cubic_centimeters as cubic_ce2_1_, vehicleent0_.license_plate as license_3_1_, vehicleent0_.vehicle_type as vehicle_4_1_ from vehicle vehicleent0_ where vehicleent0_.license_plate=?
Hibernate: select parkingrec0_.id as id1_0_, parkingrec0_.bill_value as bill_val2_0_, parkingrec0_.entry_date as entry_da3_0_, parkingrec0_.out_date as out_date4_0_, parkingrec0_.vehicle_id as vehicle_5_0_ from parking_record parkingrec0_ inner join vehicle vehicleent1_ on parkingrec0_.vehicle_id=vehicleent1_.id where (parkingrec0_.out_date is null) and vehicleent1_.id=?
Hibernate: update parking_record set bill_value=?, entry_date=?, out_date=?, vehicle_id=? where id=?

MockHttpServletRequest:
      HTTP Method = POST
      Request URI = /parkingRecordService/registerParkingExit
       Parameters = {}
          Headers = [Content-Type:"application/json;charset=UTF-8"]
             Body = {"entryDate":1549512110749,"outDate":null,"billValue":0.0,"vehicle":{"licensePlate":"NDF39A","cubicCentimeters":150,"vehicleType":"MOTORBYKE"}}
    Session Attrs = {}

Handler:
             Type = com.ceiba.ceibaparking.controller.ParkingExitController
           Method = public org.springframework.http.ResponseEntity<com.ceiba.ceibaparking.dto.ResponseDTO> com.ceiba.ceibaparking.controller.ParkingExitController.registerParkingExit(com.ceiba.ceibaparking.domain.ParkingRecordDomain)

Async:
    Async started = false
     Async result = null

Resolved Exception:
             Type = null

ModelAndView:
        View name = null
             View = null
            Model = null

FlashMap:
       Attributes = null

MockHttpServletResponse:
           Status = 201
    Error message = null
          Headers = [Content-Type:"application/json;charset=UTF-8", X-Content-Type-Options:"nosniff", X-XSS-Protection:"1; mode=block", Cache-Control:"no-cache, no-store, max-age=0, must-revalidate", Pragma:"no-cache", Expires:"0"]
     Content type = application/json;charset=UTF-8
             Body = {"responseCode":"00","responseMessage":"El proceso se realiz? de manera exitosa.","parkingRecordDomain":{"entryDate":"2019-02-04T04:01:50.698+0000","outDate":"2019-02-07T04:01:50.775+0000","billValue":12000.0,"vehicle":{"licensePlate":"NDF39A","cubicCentimeters":150,"vehicleType":"MOTORBYKE"}}}
    Forwarded URL = null
   Redirected URL = null
          Cookies = []
]]></system-out>
  <system-err><![CDATA[]]></system-err>
</testsuite>
