<?xml version="1.0" encoding="UTF-8"?>
<testsuite name="com.ceiba.ceibaparking.unit.ParkingSearchUnitTest" tests="2" skipped="0" failures="0" errors="0" timestamp="2019-02-06T14:20:12" hostname="NELSON-MEJIA" time="0.006">
  <properties/>
  <testcase name="successEmptyResult" classname="com.ceiba.ceibaparking.unit.ParkingSearchUnitTest" time="0.003"/>
  <testcase name="successNotEmptyResult" classname="com.ceiba.ceibaparking.unit.ParkingSearchUnitTest" time="0.003"/>
  <system-out><![CDATA[2019-02-06 09:20:12.705  INFO 3228 --- [    Test worker] .b.t.c.SpringBootTestContextBootstrapper : Neither @ContextConfiguration nor @ContextHierarchy found for test class [com.ceiba.ceibaparking.unit.ParkingSearchUnitTest], using SpringBootContextLoader
2019-02-06 09:20:12.706  INFO 3228 --- [    Test worker] o.s.t.c.support.AbstractContextLoader    : Could not detect default resource locations for test class [com.ceiba.ceibaparking.unit.ParkingSearchUnitTest]: no resource found for suffixes {-context.xml, Context.groovy}.
2019-02-06 09:20:12.707  INFO 3228 --- [    Test worker] t.c.s.AnnotationConfigContextLoaderUtils : Could not detect default configuration classes for test class [com.ceiba.ceibaparking.unit.ParkingSearchUnitTest]: ParkingSearchUnitTest does not declare any static, non-private, non-final, nested classes annotated with @Configuration.
2019-02-06 09:20:12.709  INFO 3228 --- [    Test worker] .b.t.c.SpringBootTestContextBootstrapper : Found @SpringBootConfiguration com.ceiba.ceibaparking.CeibaParkingApplication for test class com.ceiba.ceibaparking.unit.ParkingSearchUnitTest
2019-02-06 09:20:12.710  INFO 3228 --- [    Test worker] .b.t.c.SpringBootTestContextBootstrapper : Loaded default TestExecutionListener class names from location [META-INF/spring.factories]: [org.springframework.boot.test.autoconfigure.restdocs.RestDocsTestExecutionListener, org.springframework.boot.test.autoconfigure.web.client.MockRestServiceServerResetTestExecutionListener, org.springframework.boot.test.autoconfigure.web.servlet.MockMvcPrintOnlyOnFailureTestExecutionListener, org.springframework.boot.test.autoconfigure.web.servlet.WebDriverTestExecutionListener, org.springframework.boot.test.mock.mockito.MockitoTestExecutionListener, org.springframework.boot.test.mock.mockito.ResetMocksTestExecutionListener, org.springframework.test.context.web.ServletTestExecutionListener, org.springframework.test.context.support.DirtiesContextBeforeModesTestExecutionListener, org.springframework.test.context.support.DependencyInjectionTestExecutionListener, org.springframework.test.context.support.DirtiesContextTestExecutionListener, org.springframework.test.context.transaction.TransactionalTestExecutionListener, org.springframework.test.context.jdbc.SqlScriptsTestExecutionListener]
2019-02-06 09:20:12.711  INFO 3228 --- [    Test worker] .b.t.c.SpringBootTestContextBootstrapper : Using TestExecutionListeners: [org.springframework.test.context.web.ServletTestExecutionListener@c005e61, org.springframework.test.context.support.DirtiesContextBeforeModesTestExecutionListener@3aa019a7, org.springframework.boot.test.mock.mockito.MockitoTestExecutionListener@454b0a10, org.springframework.boot.test.autoconfigure.SpringBootDependencyInjectionTestExecutionListener@447b2fd9, org.springframework.test.context.support.DirtiesContextTestExecutionListener@4a068261, org.springframework.test.context.transaction.TransactionalTestExecutionListener@7051d7a7, org.springframework.test.context.jdbc.SqlScriptsTestExecutionListener@6dd75837, org.springframework.boot.test.autoconfigure.restdocs.RestDocsTestExecutionListener@704fb7b3, org.springframework.boot.test.autoconfigure.web.client.MockRestServiceServerResetTestExecutionListener@ea43651, org.springframework.boot.test.autoconfigure.web.servlet.MockMvcPrintOnlyOnFailureTestExecutionListener@703634cd, org.springframework.boot.test.autoconfigure.web.servlet.WebDriverTestExecutionListener@27f7cc1c, org.springframework.boot.test.mock.mockito.ResetMocksTestExecutionListener@2a88057e]
]]></system-out>
  <system-err><![CDATA[]]></system-err>
</testsuite>
