<?xml version="1.0" encoding="UTF-8"?>
<testsuite name="com.ceiba.ceibaparking.integration.ParkingExitIntegrationTest" tests="1" skipped="0" failures="0" errors="0" timestamp="2019-02-07T00:46:28" hostname="NELSON-MEJIA" time="0.043">
  <properties/>
  <testcase name="successRegisterParkingExit" classname="com.ceiba.ceibaparking.integration.ParkingExitIntegrationTest" time="0.043"/>
  <system-out><![CDATA[2019-02-06 19:46:27.086  INFO 16748 --- [    Test worker] .b.t.c.SpringBootTestContextBootstrapper : Neither @ContextConfiguration nor @ContextHierarchy found for test class [com.ceiba.ceibaparking.integration.ParkingExitIntegrationTest], using SpringBootContextLoader
2019-02-06 19:46:27.087  INFO 16748 --- [    Test worker] o.s.t.c.support.AbstractContextLoader    : Could not detect default resource locations for test class [com.ceiba.ceibaparking.integration.ParkingExitIntegrationTest]: no resource found for suffixes {-context.xml, Context.groovy}.
2019-02-06 19:46:27.087  INFO 16748 --- [    Test worker] t.c.s.AnnotationConfigContextLoaderUtils : Could not detect default configuration classes for test class [com.ceiba.ceibaparking.integration.ParkingExitIntegrationTest]: ParkingExitIntegrationTest does not declare any static, non-private, non-final, nested classes annotated with @Configuration.
2019-02-06 19:46:27.090  INFO 16748 --- [    Test worker] .b.t.c.SpringBootTestContextBootstrapper : Found @SpringBootConfiguration com.ceiba.ceibaparking.CeibaParkingApplication for test class com.ceiba.ceibaparking.integration.ParkingExitIntegrationTest
2019-02-06 19:46:27.092  INFO 16748 --- [    Test worker] .b.t.c.SpringBootTestContextBootstrapper : Loaded default TestExecutionListener class names from location [META-INF/spring.factories]: [org.springframework.boot.test.autoconfigure.restdocs.RestDocsTestExecutionListener, org.springframework.boot.test.autoconfigure.web.client.MockRestServiceServerResetTestExecutionListener, org.springframework.boot.test.autoconfigure.web.servlet.MockMvcPrintOnlyOnFailureTestExecutionListener, org.springframework.boot.test.autoconfigure.web.servlet.WebDriverTestExecutionListener, org.springframework.boot.test.mock.mockito.MockitoTestExecutionListener, org.springframework.boot.test.mock.mockito.ResetMocksTestExecutionListener, org.springframework.test.context.web.ServletTestExecutionListener, org.springframework.test.context.support.DirtiesContextBeforeModesTestExecutionListener, org.springframework.test.context.support.DependencyInjectionTestExecutionListener, org.springframework.test.context.support.DirtiesContextTestExecutionListener, org.springframework.test.context.transaction.TransactionalTestExecutionListener, org.springframework.test.context.jdbc.SqlScriptsTestExecutionListener]
2019-02-06 19:46:27.093  INFO 16748 --- [    Test worker] .b.t.c.SpringBootTestContextBootstrapper : Using TestExecutionListeners: [org.springframework.test.context.web.ServletTestExecutionListener@2072a23e, org.springframework.test.context.support.DirtiesContextBeforeModesTestExecutionListener@26f60861, org.springframework.boot.test.mock.mockito.MockitoTestExecutionListener@5f80fbcc, org.springframework.boot.test.autoconfigure.SpringBootDependencyInjectionTestExecutionListener@335dcfd4, org.springframework.test.context.support.DirtiesContextTestExecutionListener@68bf8d3, org.springframework.test.context.transaction.TransactionalTestExecutionListener@10285d63, org.springframework.test.context.jdbc.SqlScriptsTestExecutionListener@482e8a31, org.springframework.boot.test.autoconfigure.restdocs.RestDocsTestExecutionListener@15d0df8f, org.springframework.boot.test.autoconfigure.web.client.MockRestServiceServerResetTestExecutionListener@4c44f086, org.springframework.boot.test.autoconfigure.web.servlet.MockMvcPrintOnlyOnFailureTestExecutionListener@1e556f28, org.springframework.boot.test.autoconfigure.web.servlet.WebDriverTestExecutionListener@229611d1, org.springframework.boot.test.mock.mockito.ResetMocksTestExecutionListener@31298eab]

  .   ____          _            __ _ _
 /\\ / ___'_ __ _ _(_)_ __  __ _ \ \ \ \
( ( )\___ | '_ | '_| | '_ \/ _` | \ \ \ \
 \\/  ___)| |_)| | | | | || (_| |  ) ) ) )
  '  |____| .__|_| |_|_| |_\__, | / / / /
 =========|_|==============|___/=/_/_/_/
 :: Spring Boot ::        (v2.1.2.RELEASE)

2019-02-06 19:46:27.119  INFO 16748 --- [    Test worker] c.c.c.i.ParkingExitIntegrationTest       : Starting ParkingExitIntegrationTest on NELSON-MEJIA with PID 16748 (started by nelson.laverde in C:\Users\nelson.laverde\git2\ceiba-parking)
2019-02-06 19:46:27.120  INFO 16748 --- [    Test worker] c.c.c.i.ParkingExitIntegrationTest       : No active profile set, falling back to default profiles: default
2019-02-06 19:46:27.305  INFO 16748 --- [    Test worker] .s.d.r.c.RepositoryConfigurationDelegate : Bootstrapping Spring Data repositories in DEFAULT mode.
2019-02-06 19:46:27.330  INFO 16748 --- [    Test worker] .s.d.r.c.RepositoryConfigurationDelegate : Finished Spring Data repository scanning in 25ms. Found 2 repository interfaces.
2019-02-06 19:46:27.398  INFO 16748 --- [    Test worker] trationDelegate$BeanPostProcessorChecker : Bean 'org.springframework.transaction.annotation.ProxyTransactionManagementConfiguration' of type [org.springframework.transaction.annotation.ProxyTransactionManagementConfiguration$$EnhancerBySpringCGLIB$$cbf8efa4] is not eligible for getting processed by all BeanPostProcessors (for example: not eligible for auto-proxying)
2019-02-06 19:46:27.495  INFO 16748 --- [    Test worker] com.zaxxer.hikari.HikariDataSource       : HikariPool-3 - Starting...
2019-02-06 19:46:27.496  INFO 16748 --- [    Test worker] com.zaxxer.hikari.HikariDataSource       : HikariPool-3 - Start completed.
2019-02-06 19:46:27.524  INFO 16748 --- [    Test worker] o.hibernate.jpa.internal.util.LogHelper  : HHH000204: Processing PersistenceUnitInfo [
	name: default
	...]
2019-02-06 19:46:27.534  INFO 16748 --- [    Test worker] org.hibernate.dialect.Dialect            : HHH000400: Using dialect: org.hibernate.dialect.H2Dialect
2019-02-06 19:46:27.609  INFO 16748 --- [    Test worker] j.LocalContainerEntityManagerFactoryBean : Initialized JPA EntityManagerFactory for persistence unit 'default'
2019-02-06 19:46:27.667  INFO 16748 --- [    Test worker] o.h.h.i.QueryTranslatorFactoryInitiator  : HHH000397: Using ASTQueryTranslatorFactory
2019-02-06 19:46:28.066  INFO 16748 --- [    Test worker] o.s.s.concurrent.ThreadPoolTaskExecutor  : Initializing ExecutorService 'applicationTaskExecutor'
2019-02-06 19:46:28.083  WARN 16748 --- [    Test worker] aWebConfiguration$JpaWebMvcConfiguration : spring.jpa.open-in-view is enabled by default. Therefore, database queries may be performed during view rendering. Explicitly configure spring.jpa.open-in-view to disable this warning
2019-02-06 19:46:28.320  INFO 16748 --- [    Test worker] o.s.b.t.m.w.SpringBootMockServletContext : Initializing Spring TestDispatcherServlet ''
2019-02-06 19:46:28.320  INFO 16748 --- [    Test worker] o.s.t.web.servlet.TestDispatcherServlet  : Initializing Servlet ''
2019-02-06 19:46:28.328  INFO 16748 --- [    Test worker] o.s.t.web.servlet.TestDispatcherServlet  : Completed initialization in 8 ms
2019-02-06 19:46:28.339  INFO 16748 --- [    Test worker] c.c.c.i.ParkingExitIntegrationTest       : Started ParkingExitIntegrationTest in 1.244 seconds (JVM running for 12.692)
Hibernate: call next value for hibernate_sequence
Hibernate: insert into vehicle (cubic_centimeters, license_plate, vehicle_type, id) values (?, ?, ?, ?)
Hibernate: call next value for hibernate_sequence
Hibernate: insert into parking_record (bill_value, entry_date, out_date, vehicle_id, id) values (?, ?, ?, ?, ?)
Hibernate: call next value for hibernate_sequence
Hibernate: insert into vehicle (cubic_centimeters, license_plate, vehicle_type, id) values (?, ?, ?, ?)
Hibernate: call next value for hibernate_sequence
Hibernate: insert into parking_record (bill_value, entry_date, out_date, vehicle_id, id) values (?, ?, ?, ?, ?)
Hibernate: call next value for hibernate_sequence
Hibernate: insert into vehicle (cubic_centimeters, license_plate, vehicle_type, id) values (?, ?, ?, ?)
Hibernate: call next value for hibernate_sequence
Hibernate: insert into parking_record (bill_value, entry_date, out_date, vehicle_id, id) values (?, ?, ?, ?, ?)
Hibernate: call next value for hibernate_sequence
Hibernate: insert into vehicle (cubic_centimeters, license_plate, vehicle_type, id) values (?, ?, ?, ?)
Hibernate: call next value for hibernate_sequence
Hibernate: insert into parking_record (bill_value, entry_date, out_date, vehicle_id, id) values (?, ?, ?, ?, ?)
Hibernate: call next value for hibernate_sequence
Hibernate: insert into vehicle (cubic_centimeters, license_plate, vehicle_type, id) values (?, ?, ?, ?)
Hibernate: call next value for hibernate_sequence
Hibernate: insert into parking_record (bill_value, entry_date, out_date, vehicle_id, id) values (?, ?, ?, ?, ?)
Hibernate: call next value for hibernate_sequence
Hibernate: insert into vehicle (cubic_centimeters, license_plate, vehicle_type, id) values (?, ?, ?, ?)
Hibernate: call next value for hibernate_sequence
Hibernate: insert into parking_record (bill_value, entry_date, out_date, vehicle_id, id) values (?, ?, ?, ?, ?)
Hibernate: call next value for hibernate_sequence
Hibernate: insert into vehicle (cubic_centimeters, license_plate, vehicle_type, id) values (?, ?, ?, ?)
Hibernate: call next value for hibernate_sequence
Hibernate: insert into parking_record (bill_value, entry_date, out_date, vehicle_id, id) values (?, ?, ?, ?, ?)
Hibernate: call next value for hibernate_sequence
Hibernate: insert into vehicle (cubic_centimeters, license_plate, vehicle_type, id) values (?, ?, ?, ?)
Hibernate: call next value for hibernate_sequence
Hibernate: insert into parking_record (bill_value, entry_date, out_date, vehicle_id, id) values (?, ?, ?, ?, ?)
Hibernate: call next value for hibernate_sequence
Hibernate: insert into vehicle (cubic_centimeters, license_plate, vehicle_type, id) values (?, ?, ?, ?)
Hibernate: call next value for hibernate_sequence
Hibernate: insert into parking_record (bill_value, entry_date, out_date, vehicle_id, id) values (?, ?, ?, ?, ?)
Hibernate: select vehicleent0_.id as id1_1_, vehicleent0_.cubic_centimeters as cubic_ce2_1_, vehicleent0_.license_plate as license_3_1_, vehicleent0_.vehicle_type as vehicle_4_1_ from vehicle vehicleent0_ where vehicleent0_.license_plate=?
Hibernate: select parkingrec0_.id as id1_0_, parkingrec0_.bill_value as bill_val2_0_, parkingrec0_.entry_date as entry_da3_0_, parkingrec0_.out_date as out_date4_0_, parkingrec0_.vehicle_id as vehicle_5_0_ from parking_record parkingrec0_ inner join vehicle vehicleent1_ on parkingrec0_.vehicle_id=vehicleent1_.id where (parkingrec0_.out_date is null) and vehicleent1_.id=?
Hibernate: update parking_record set bill_value=?, entry_date=?, out_date=?, vehicle_id=? where id=?

MockHttpServletRequest:
      HTTP Method = POST
      Request URI = /parkingRecordService/registerParkingExit
       Parameters = {}
          Headers = [Content-Type:"application/json;charset=UTF-8"]
             Body = {"entryDate":1549500388387,"outDate":null,"billValue":0.0,"vehicle":{"licensePlate":"NDF39A","cubicCentimeters":150,"vehicleType":"MOTORBYKE"}}
    Session Attrs = {}

Handler:
             Type = com.ceiba.ceibaparking.controller.ParkingExitController
           Method = public org.springframework.http.ResponseEntity<com.ceiba.ceibaparking.dto.ResponseDTO> com.ceiba.ceibaparking.controller.ParkingExitController.registerParkingExit(com.ceiba.ceibaparking.domain.ParkingRecordDomain)

Async:
    Async started = false
     Async result = null

Resolved Exception:
             Type = null

ModelAndView:
        View name = null
             View = null
            Model = null

FlashMap:
       Attributes = null

MockHttpServletResponse:
           Status = 201
    Error message = null
          Headers = [Content-Type:"application/json;charset=UTF-8"]
     Content type = application/json;charset=UTF-8
             Body = {"responseCode":"00","responseMessage":"El proceso se realiz? de manera exitosa.","parkingRecordDomain":{"entryDate":"2019-02-04T00:46:28.340+0000","outDate":"2019-02-07T00:46:28.409+0000","billValue":12000.0,"vehicle":{"licensePlate":"NDF39A","cubicCentimeters":150,"vehicleType":"MOTORBYKE"}}}
    Forwarded URL = null
   Redirected URL = null
          Cookies = []
]]></system-out>
  <system-err><![CDATA[]]></system-err>
</testsuite>
