<?xml version="1.0" encoding="UTF-8"?>
<testsuite name="com.ceiba.ceibaparking.unit.ParkingExitUnitTest" tests="1" skipped="0" failures="0" errors="0" timestamp="2019-02-06T22:00:41" hostname="NELSON-MEJIA" time="0.021">
  <properties/>
  <testcase name="successBillParkingByCarAndHour" classname="com.ceiba.ceibaparking.unit.ParkingExitUnitTest" time="0.021"/>
  <system-out><![CDATA[2019-02-06 17:00:41.639  INFO 10748 --- [    Test worker] .b.t.c.SpringBootTestContextBootstrapper : Neither @ContextConfiguration nor @ContextHierarchy found for test class [com.ceiba.ceibaparking.unit.ParkingExitUnitTest], using SpringBootContextLoader
2019-02-06 17:00:41.640  INFO 10748 --- [    Test worker] o.s.t.c.support.AbstractContextLoader    : Could not detect default resource locations for test class [com.ceiba.ceibaparking.unit.ParkingExitUnitTest]: no resource found for suffixes {-context.xml, Context.groovy}.
2019-02-06 17:00:41.640  INFO 10748 --- [    Test worker] t.c.s.AnnotationConfigContextLoaderUtils : Could not detect default configuration classes for test class [com.ceiba.ceibaparking.unit.ParkingExitUnitTest]: ParkingExitUnitTest does not declare any static, non-private, non-final, nested classes annotated with @Configuration.
2019-02-06 17:00:41.643  INFO 10748 --- [    Test worker] .b.t.c.SpringBootTestContextBootstrapper : Found @SpringBootConfiguration com.ceiba.ceibaparking.CeibaParkingApplication for test class com.ceiba.ceibaparking.unit.ParkingExitUnitTest
2019-02-06 17:00:41.645  INFO 10748 --- [    Test worker] .b.t.c.SpringBootTestContextBootstrapper : Loaded default TestExecutionListener class names from location [META-INF/spring.factories]: [org.springframework.boot.test.autoconfigure.restdocs.RestDocsTestExecutionListener, org.springframework.boot.test.autoconfigure.web.client.MockRestServiceServerResetTestExecutionListener, org.springframework.boot.test.autoconfigure.web.servlet.MockMvcPrintOnlyOnFailureTestExecutionListener, org.springframework.boot.test.autoconfigure.web.servlet.WebDriverTestExecutionListener, org.springframework.boot.test.mock.mockito.MockitoTestExecutionListener, org.springframework.boot.test.mock.mockito.ResetMocksTestExecutionListener, org.springframework.test.context.web.ServletTestExecutionListener, org.springframework.test.context.support.DirtiesContextBeforeModesTestExecutionListener, org.springframework.test.context.support.DependencyInjectionTestExecutionListener, org.springframework.test.context.support.DirtiesContextTestExecutionListener, org.springframework.test.context.transaction.TransactionalTestExecutionListener, org.springframework.test.context.jdbc.SqlScriptsTestExecutionListener]
2019-02-06 17:00:41.646  INFO 10748 --- [    Test worker] .b.t.c.SpringBootTestContextBootstrapper : Using TestExecutionListeners: [org.springframework.test.context.web.ServletTestExecutionListener@215c2589, org.springframework.test.context.support.DirtiesContextBeforeModesTestExecutionListener@23cf3075, org.springframework.boot.test.mock.mockito.MockitoTestExecutionListener@26706e5a, org.springframework.boot.test.autoconfigure.SpringBootDependencyInjectionTestExecutionListener@9b3b3ca, org.springframework.test.context.support.DirtiesContextTestExecutionListener@4903bf18, org.springframework.test.context.transaction.TransactionalTestExecutionListener@131562d5, org.springframework.test.context.jdbc.SqlScriptsTestExecutionListener@3632dc53, org.springframework.boot.test.autoconfigure.restdocs.RestDocsTestExecutionListener@220b14bc, org.springframework.boot.test.autoconfigure.web.client.MockRestServiceServerResetTestExecutionListener@76a4949a, org.springframework.boot.test.autoconfigure.web.servlet.MockMvcPrintOnlyOnFailureTestExecutionListener@4e1f5351, org.springframework.boot.test.autoconfigure.web.servlet.WebDriverTestExecutionListener@6e6fde85, org.springframework.boot.test.mock.mockito.ResetMocksTestExecutionListener@14bb8900]
]]></system-out>
  <system-err><![CDATA[]]></system-err>
</testsuite>
