<?xml version="1.0" encoding="UTF-8"?>
<testsuite name="com.ceiba.ceibaparking.unit.ParkingSearchUnitTest" tests="2" skipped="0" failures="0" errors="0" timestamp="2019-02-07T18:21:54" hostname="NELSON-MEJIA" time="0.008">
  <properties/>
  <testcase name="successEmptyResult" classname="com.ceiba.ceibaparking.unit.ParkingSearchUnitTest" time="0.004"/>
  <testcase name="successNotEmptyResult" classname="com.ceiba.ceibaparking.unit.ParkingSearchUnitTest" time="0.003"/>
  <system-out><![CDATA[2019-02-07 13:21:54.465  INFO 11604 --- [    Test worker] .b.t.c.SpringBootTestContextBootstrapper : Neither @ContextConfiguration nor @ContextHierarchy found for test class [com.ceiba.ceibaparking.unit.ParkingSearchUnitTest], using SpringBootContextLoader
2019-02-07 13:21:54.465  INFO 11604 --- [    Test worker] o.s.t.c.s.AbstractContextLoader          : Could not detect default resource locations for test class [com.ceiba.ceibaparking.unit.ParkingSearchUnitTest]: no resource found for suffixes {-context.xml, Context.groovy}.
2019-02-07 13:21:54.465  INFO 11604 --- [    Test worker] t.c.s.AnnotationConfigContextLoaderUtils : Could not detect default configuration classes for test class [com.ceiba.ceibaparking.unit.ParkingSearchUnitTest]: ParkingSearchUnitTest does not declare any static, non-private, non-final, nested classes annotated with @Configuration.
2019-02-07 13:21:54.467  INFO 11604 --- [    Test worker] .b.t.c.SpringBootTestContextBootstrapper : Found @SpringBootConfiguration com.ceiba.ceibaparking.CeibaParkingApplication for test class com.ceiba.ceibaparking.unit.ParkingSearchUnitTest
2019-02-07 13:21:54.468  INFO 11604 --- [    Test worker] .b.t.c.SpringBootTestContextBootstrapper : Loaded default TestExecutionListener class names from location [META-INF/spring.factories]: [org.springframework.boot.test.autoconfigure.restdocs.RestDocsTestExecutionListener, org.springframework.boot.test.autoconfigure.web.client.MockRestServiceServerResetTestExecutionListener, org.springframework.boot.test.autoconfigure.web.servlet.MockMvcPrintOnlyOnFailureTestExecutionListener, org.springframework.boot.test.autoconfigure.web.servlet.WebDriverTestExecutionListener, org.springframework.boot.test.mock.mockito.MockitoTestExecutionListener, org.springframework.boot.test.mock.mockito.ResetMocksTestExecutionListener, org.springframework.test.context.web.ServletTestExecutionListener, org.springframework.test.context.support.DirtiesContextBeforeModesTestExecutionListener, org.springframework.test.context.support.DependencyInjectionTestExecutionListener, org.springframework.test.context.support.DirtiesContextTestExecutionListener, org.springframework.test.context.transaction.TransactionalTestExecutionListener, org.springframework.test.context.jdbc.SqlScriptsTestExecutionListener]
2019-02-07 13:21:54.469  INFO 11604 --- [    Test worker] .b.t.c.SpringBootTestContextBootstrapper : Using TestExecutionListeners: [org.springframework.test.context.web.ServletTestExecutionListener@673e81dc, org.springframework.test.context.support.DirtiesContextBeforeModesTestExecutionListener@7636a868, org.springframework.boot.test.mock.mockito.MockitoTestExecutionListener@53bf0bfc, org.springframework.boot.test.autoconfigure.SpringBootDependencyInjectionTestExecutionListener@678cc176, org.springframework.test.context.support.DirtiesContextTestExecutionListener@74af9c3a, org.springframework.test.context.transaction.TransactionalTestExecutionListener@37190f2f, org.springframework.test.context.jdbc.SqlScriptsTestExecutionListener@1cd212db, org.springframework.boot.test.autoconfigure.restdocs.RestDocsTestExecutionListener@1d54f746, org.springframework.boot.test.autoconfigure.web.client.MockRestServiceServerResetTestExecutionListener@1512e69a, org.springframework.boot.test.autoconfigure.web.servlet.MockMvcPrintOnlyOnFailureTestExecutionListener@6a0de360, org.springframework.boot.test.autoconfigure.web.servlet.WebDriverTestExecutionListener@66457030, org.springframework.boot.test.mock.mockito.ResetMocksTestExecutionListener@5c914579]
]]></system-out>
  <system-err><![CDATA[]]></system-err>
</testsuite>
