<?xml version="1.0" encoding="UTF-8"?>
<testsuite name="com.ceiba.ceibaparking.unit.ParkingExitUnitTest" tests="1" skipped="0" failures="0" errors="0" timestamp="2019-02-07T18:21:54" hostname="NELSON-MEJIA" time="0.02">
  <properties/>
  <testcase name="successBillParkingByCarAndHour" classname="com.ceiba.ceibaparking.unit.ParkingExitUnitTest" time="0.02"/>
  <system-out><![CDATA[2019-02-07 13:21:54.431  INFO 11604 --- [    Test worker] .b.t.c.SpringBootTestContextBootstrapper : Neither @ContextConfiguration nor @ContextHierarchy found for test class [com.ceiba.ceibaparking.unit.ParkingExitUnitTest], using SpringBootContextLoader
2019-02-07 13:21:54.432  INFO 11604 --- [    Test worker] o.s.t.c.s.AbstractContextLoader          : Could not detect default resource locations for test class [com.ceiba.ceibaparking.unit.ParkingExitUnitTest]: no resource found for suffixes {-context.xml, Context.groovy}.
2019-02-07 13:21:54.433  INFO 11604 --- [    Test worker] t.c.s.AnnotationConfigContextLoaderUtils : Could not detect default configuration classes for test class [com.ceiba.ceibaparking.unit.ParkingExitUnitTest]: ParkingExitUnitTest does not declare any static, non-private, non-final, nested classes annotated with @Configuration.
2019-02-07 13:21:54.435  INFO 11604 --- [    Test worker] .b.t.c.SpringBootTestContextBootstrapper : Found @SpringBootConfiguration com.ceiba.ceibaparking.CeibaParkingApplication for test class com.ceiba.ceibaparking.unit.ParkingExitUnitTest
2019-02-07 13:21:54.437  INFO 11604 --- [    Test worker] .b.t.c.SpringBootTestContextBootstrapper : Loaded default TestExecutionListener class names from location [META-INF/spring.factories]: [org.springframework.boot.test.autoconfigure.restdocs.RestDocsTestExecutionListener, org.springframework.boot.test.autoconfigure.web.client.MockRestServiceServerResetTestExecutionListener, org.springframework.boot.test.autoconfigure.web.servlet.MockMvcPrintOnlyOnFailureTestExecutionListener, org.springframework.boot.test.autoconfigure.web.servlet.WebDriverTestExecutionListener, org.springframework.boot.test.mock.mockito.MockitoTestExecutionListener, org.springframework.boot.test.mock.mockito.ResetMocksTestExecutionListener, org.springframework.test.context.web.ServletTestExecutionListener, org.springframework.test.context.support.DirtiesContextBeforeModesTestExecutionListener, org.springframework.test.context.support.DependencyInjectionTestExecutionListener, org.springframework.test.context.support.DirtiesContextTestExecutionListener, org.springframework.test.context.transaction.TransactionalTestExecutionListener, org.springframework.test.context.jdbc.SqlScriptsTestExecutionListener]
2019-02-07 13:21:54.437  INFO 11604 --- [    Test worker] .b.t.c.SpringBootTestContextBootstrapper : Using TestExecutionListeners: [org.springframework.test.context.web.ServletTestExecutionListener@3aa53fef, org.springframework.test.context.support.DirtiesContextBeforeModesTestExecutionListener@739c35, org.springframework.boot.test.mock.mockito.MockitoTestExecutionListener@6494c007, org.springframework.boot.test.autoconfigure.SpringBootDependencyInjectionTestExecutionListener@13e16271, org.springframework.test.context.support.DirtiesContextTestExecutionListener@287da5, org.springframework.test.context.transaction.TransactionalTestExecutionListener@1ca6cba1, org.springframework.test.context.jdbc.SqlScriptsTestExecutionListener@5e70b4ca, org.springframework.boot.test.autoconfigure.restdocs.RestDocsTestExecutionListener@469ab79f, org.springframework.boot.test.autoconfigure.web.client.MockRestServiceServerResetTestExecutionListener@59c3fbc, org.springframework.boot.test.autoconfigure.web.servlet.MockMvcPrintOnlyOnFailureTestExecutionListener@2fcd076d, org.springframework.boot.test.autoconfigure.web.servlet.WebDriverTestExecutionListener@744020ba, org.springframework.boot.test.mock.mockito.ResetMocksTestExecutionListener@677557e2]
]]></system-out>
  <system-err><![CDATA[]]></system-err>
</testsuite>
