<?xml version="1.0" encoding="UTF-8"?>
<testsuite name="com.ceiba.ceibaparking.unit.ParkingEntranceUnitTest" tests="5" skipped="0" failures="0" errors="0" timestamp="2019-02-07T18:21:54" hostname="NELSON-MEJIA" time="0.05">
  <properties/>
  <testcase name="successRegisterParkingEntry" classname="com.ceiba.ceibaparking.unit.ParkingEntranceUnitTest" time="0.031"/>
  <testcase name="failedParkingByLicensePlateWithALetter" classname="com.ceiba.ceibaparking.unit.ParkingEntranceUnitTest" time="0.003"/>
  <testcase name="failedRegisterParkingEntryMotorbykeBySpace" classname="com.ceiba.ceibaparking.unit.ParkingEntranceUnitTest" time="0.004"/>
  <testcase name="failedRegisterParkingEntryCarBySpace" classname="com.ceiba.ceibaparking.unit.ParkingEntranceUnitTest" time="0.004"/>
  <testcase name="successParkingByLicensePlateWithALetter" classname="com.ceiba.ceibaparking.unit.ParkingEntranceUnitTest" time="0.003"/>
  <system-out><![CDATA[2019-02-07 13:21:54.149  INFO 11604 --- [    Test worker] .b.t.c.SpringBootTestContextBootstrapper : Neither @ContextConfiguration nor @ContextHierarchy found for test class [com.ceiba.ceibaparking.unit.ParkingEntranceUnitTest], using SpringBootContextLoader
2019-02-07 13:21:54.150  INFO 11604 --- [    Test worker] o.s.t.c.s.AbstractContextLoader          : Could not detect default resource locations for test class [com.ceiba.ceibaparking.unit.ParkingEntranceUnitTest]: no resource found for suffixes {-context.xml, Context.groovy}.
2019-02-07 13:21:54.150  INFO 11604 --- [    Test worker] t.c.s.AnnotationConfigContextLoaderUtils : Could not detect default configuration classes for test class [com.ceiba.ceibaparking.unit.ParkingEntranceUnitTest]: ParkingEntranceUnitTest does not declare any static, non-private, non-final, nested classes annotated with @Configuration.
2019-02-07 13:21:54.159  INFO 11604 --- [    Test worker] .b.t.c.SpringBootTestContextBootstrapper : Found @SpringBootConfiguration com.ceiba.ceibaparking.CeibaParkingApplication for test class com.ceiba.ceibaparking.unit.ParkingEntranceUnitTest
2019-02-07 13:21:54.161  INFO 11604 --- [    Test worker] .b.t.c.SpringBootTestContextBootstrapper : Loaded default TestExecutionListener class names from location [META-INF/spring.factories]: [org.springframework.boot.test.autoconfigure.restdocs.RestDocsTestExecutionListener, org.springframework.boot.test.autoconfigure.web.client.MockRestServiceServerResetTestExecutionListener, org.springframework.boot.test.autoconfigure.web.servlet.MockMvcPrintOnlyOnFailureTestExecutionListener, org.springframework.boot.test.autoconfigure.web.servlet.WebDriverTestExecutionListener, org.springframework.boot.test.mock.mockito.MockitoTestExecutionListener, org.springframework.boot.test.mock.mockito.ResetMocksTestExecutionListener, org.springframework.test.context.web.ServletTestExecutionListener, org.springframework.test.context.support.DirtiesContextBeforeModesTestExecutionListener, org.springframework.test.context.support.DependencyInjectionTestExecutionListener, org.springframework.test.context.support.DirtiesContextTestExecutionListener, org.springframework.test.context.transaction.TransactionalTestExecutionListener, org.springframework.test.context.jdbc.SqlScriptsTestExecutionListener]
2019-02-07 13:21:54.162  INFO 11604 --- [    Test worker] .b.t.c.SpringBootTestContextBootstrapper : Using TestExecutionListeners: [org.springframework.test.context.web.ServletTestExecutionListener@21f6be42, org.springframework.test.context.support.DirtiesContextBeforeModesTestExecutionListener@4966a168, org.springframework.boot.test.mock.mockito.MockitoTestExecutionListener@32c2bc47, org.springframework.boot.test.autoconfigure.SpringBootDependencyInjectionTestExecutionListener@53533d72, org.springframework.test.context.support.DirtiesContextTestExecutionListener@47439df4, org.springframework.test.context.transaction.TransactionalTestExecutionListener@3bd21995, org.springframework.test.context.jdbc.SqlScriptsTestExecutionListener@1c55aa2c, org.springframework.boot.test.autoconfigure.restdocs.RestDocsTestExecutionListener@5627bc79, org.springframework.boot.test.autoconfigure.web.client.MockRestServiceServerResetTestExecutionListener@dd03774, org.springframework.boot.test.autoconfigure.web.servlet.MockMvcPrintOnlyOnFailureTestExecutionListener@26e589ea, org.springframework.boot.test.autoconfigure.web.servlet.WebDriverTestExecutionListener@175053d0, org.springframework.boot.test.mock.mockito.ResetMocksTestExecutionListener@7c7fe137]
]]></system-out>
  <system-err><![CDATA[]]></system-err>
</testsuite>
