<?xml version="1.0" encoding="UTF-8"?>
<testsuite name="com.ceiba.ceibaparking.integration.ParkingEntranceIntegrationTest" tests="2" skipped="0" failures="0" errors="0" timestamp="2019-02-07T04:01:48" hostname="NELSON-MEJIA" time="0.5">
  <properties/>
  <testcase name="successRegisterParkingEntry" classname="com.ceiba.ceibaparking.integration.ParkingEntranceIntegrationTest" time="0.469"/>
  <testcase name="failedParkingByLicensePlateWithALetter" classname="com.ceiba.ceibaparking.integration.ParkingEntranceIntegrationTest" time="0.03"/>
  <system-out><![CDATA[2019-02-06 23:01:46.990  INFO 5812 --- [    Test worker] .b.t.c.SpringBootTestContextBootstrapper : Neither @ContextConfiguration nor @ContextHierarchy found for test class [com.ceiba.ceibaparking.integration.ParkingEntranceIntegrationTest], using SpringBootContextLoader
2019-02-06 23:01:46.991  INFO 5812 --- [    Test worker] o.s.t.c.support.AbstractContextLoader    : Could not detect default resource locations for test class [com.ceiba.ceibaparking.integration.ParkingEntranceIntegrationTest]: no resource found for suffixes {-context.xml, Context.groovy}.
2019-02-06 23:01:46.991  INFO 5812 --- [    Test worker] t.c.s.AnnotationConfigContextLoaderUtils : Could not detect default configuration classes for test class [com.ceiba.ceibaparking.integration.ParkingEntranceIntegrationTest]: ParkingEntranceIntegrationTest does not declare any static, non-private, non-final, nested classes annotated with @Configuration.
2019-02-06 23:01:47.019  INFO 5812 --- [    Test worker] .b.t.c.SpringBootTestContextBootstrapper : Found @SpringBootConfiguration com.ceiba.ceibaparking.CeibaParkingApplication for test class com.ceiba.ceibaparking.integration.ParkingEntranceIntegrationTest
2019-02-06 23:01:47.021  INFO 5812 --- [    Test worker] .b.t.c.SpringBootTestContextBootstrapper : Loaded default TestExecutionListener class names from location [META-INF/spring.factories]: [org.springframework.boot.test.autoconfigure.restdocs.RestDocsTestExecutionListener, org.springframework.boot.test.autoconfigure.web.client.MockRestServiceServerResetTestExecutionListener, org.springframework.boot.test.autoconfigure.web.servlet.MockMvcPrintOnlyOnFailureTestExecutionListener, org.springframework.boot.test.autoconfigure.web.servlet.WebDriverTestExecutionListener, org.springframework.boot.test.mock.mockito.MockitoTestExecutionListener, org.springframework.boot.test.mock.mockito.ResetMocksTestExecutionListener, org.springframework.test.context.web.ServletTestExecutionListener, org.springframework.test.context.support.DirtiesContextBeforeModesTestExecutionListener, org.springframework.test.context.support.DependencyInjectionTestExecutionListener, org.springframework.test.context.support.DirtiesContextTestExecutionListener, org.springframework.test.context.transaction.TransactionalTestExecutionListener, org.springframework.test.context.jdbc.SqlScriptsTestExecutionListener]
2019-02-06 23:01:47.022  INFO 5812 --- [    Test worker] .b.t.c.SpringBootTestContextBootstrapper : Using TestExecutionListeners: [org.springframework.test.context.web.ServletTestExecutionListener@3ceac500, org.springframework.test.context.support.DirtiesContextBeforeModesTestExecutionListener@91be361, org.springframework.boot.test.mock.mockito.MockitoTestExecutionListener@6275af5e, org.springframework.boot.test.autoconfigure.SpringBootDependencyInjectionTestExecutionListener@5300f4a5, org.springframework.test.context.support.DirtiesContextTestExecutionListener@39a8e900, org.springframework.test.context.transaction.TransactionalTestExecutionListener@6ffe15bf, org.springframework.test.context.jdbc.SqlScriptsTestExecutionListener@20be5841, org.springframework.boot.test.autoconfigure.restdocs.RestDocsTestExecutionListener@74cf352f, org.springframework.boot.test.autoconfigure.web.client.MockRestServiceServerResetTestExecutionListener@ad1325f, org.springframework.boot.test.autoconfigure.web.servlet.MockMvcPrintOnlyOnFailureTestExecutionListener@159d9d57, org.springframework.boot.test.autoconfigure.web.servlet.WebDriverTestExecutionListener@47b3a3f5, org.springframework.boot.test.mock.mockito.ResetMocksTestExecutionListener@4ad89061]

  .   ____          _            __ _ _
 /\\ / ___'_ __ _ _(_)_ __  __ _ \ \ \ \
( ( )\___ | '_ | '_| | '_ \/ _` | \ \ \ \
 \\/  ___)| |_)| | | | | || (_| |  ) ) ) )
  '  |____| .__|_| |_|_| |_\__, | / / / /
 =========|_|==============|___/=/_/_/_/
 :: Spring Boot ::        (v2.1.2.RELEASE)

2019-02-06 23:01:47.062  INFO 5812 --- [    Test worker] c.c.c.i.ParkingEntranceIntegrationTest   : Starting ParkingEntranceIntegrationTest on NELSON-MEJIA with PID 5812 (started by nelson.laverde in C:\Users\nelson.laverde\git2\ceiba-parking)
2019-02-06 23:01:47.062  INFO 5812 --- [    Test worker] c.c.c.i.ParkingEntranceIntegrationTest   : The following profiles are active: test
2019-02-06 23:01:47.312  INFO 5812 --- [    Test worker] .s.d.r.c.RepositoryConfigurationDelegate : Bootstrapping Spring Data repositories in DEFAULT mode.
2019-02-06 23:01:47.342  INFO 5812 --- [    Test worker] .s.d.r.c.RepositoryConfigurationDelegate : Finished Spring Data repository scanning in 30ms. Found 2 repository interfaces.
2019-02-06 23:01:47.444  INFO 5812 --- [    Test worker] trationDelegate$BeanPostProcessorChecker : Bean 'org.springframework.transaction.annotation.ProxyTransactionManagementConfiguration' of type [org.springframework.transaction.annotation.ProxyTransactionManagementConfiguration$$EnhancerBySpringCGLIB$$a1724bd1] is not eligible for getting processed by all BeanPostProcessors (for example: not eligible for auto-proxying)
2019-02-06 23:01:47.548  INFO 5812 --- [    Test worker] com.zaxxer.hikari.HikariDataSource       : HikariPool-2 - Starting...
2019-02-06 23:01:47.549  INFO 5812 --- [    Test worker] com.zaxxer.hikari.HikariDataSource       : HikariPool-2 - Start completed.
2019-02-06 23:01:47.584  INFO 5812 --- [    Test worker] o.hibernate.jpa.internal.util.LogHelper  : HHH000204: Processing PersistenceUnitInfo [
	name: default
	...]
2019-02-06 23:01:47.598  INFO 5812 --- [    Test worker] org.hibernate.dialect.Dialect            : HHH000400: Using dialect: org.hibernate.dialect.H2Dialect
2019-02-06 23:01:47.688  INFO 5812 --- [    Test worker] j.LocalContainerEntityManagerFactoryBean : Initialized JPA EntityManagerFactory for persistence unit 'default'
2019-02-06 23:01:47.850  INFO 5812 --- [    Test worker] o.h.h.i.QueryTranslatorFactoryInitiator  : HHH000397: Using ASTQueryTranslatorFactory
2019-02-06 23:01:47.948  INFO 5812 --- [    Test worker] .s.s.UserDetailsServiceAutoConfiguration : 

Using generated security password: 035288ce-6098-4c0d-9072-2af6f997c9d8

2019-02-06 23:01:48.043  INFO 5812 --- [    Test worker] o.s.s.web.DefaultSecurityFilterChain     : Creating filter chain: any request, [org.springframework.security.web.context.request.async.WebAsyncManagerIntegrationFilter@e8bed67, org.springframework.security.web.context.SecurityContextPersistenceFilter@252030c2, org.springframework.security.web.header.HeaderWriterFilter@5ac1821b, org.springframework.security.web.authentication.logout.LogoutFilter@2a897ed4, org.springframework.security.web.savedrequest.RequestCacheAwareFilter@1873b7d0, org.springframework.security.web.servletapi.SecurityContextHolderAwareRequestFilter@4e742f9f, org.springframework.security.web.authentication.AnonymousAuthenticationFilter@b431651, org.springframework.security.web.session.SessionManagementFilter@5f1761c4, org.springframework.security.web.access.ExceptionTranslationFilter@1844a54b]
2019-02-06 23:01:48.331  INFO 5812 --- [    Test worker] o.s.s.concurrent.ThreadPoolTaskExecutor  : Initializing ExecutorService 'applicationTaskExecutor'
2019-02-06 23:01:48.343  WARN 5812 --- [    Test worker] aWebConfiguration$JpaWebMvcConfiguration : spring.jpa.open-in-view is enabled by default. Therefore, database queries may be performed during view rendering. Explicitly configure spring.jpa.open-in-view to disable this warning
2019-02-06 23:01:48.668  INFO 5812 --- [    Test worker] o.s.b.t.m.w.SpringBootMockServletContext : Initializing Spring TestDispatcherServlet ''
2019-02-06 23:01:48.668  INFO 5812 --- [    Test worker] o.s.t.web.servlet.TestDispatcherServlet  : Initializing Servlet ''
2019-02-06 23:01:48.686  INFO 5812 --- [    Test worker] o.s.t.web.servlet.TestDispatcherServlet  : Completed initialization in 18 ms
2019-02-06 23:01:48.709  INFO 5812 --- [    Test worker] c.c.c.i.ParkingEntranceIntegrationTest   : Started ParkingEntranceIntegrationTest in 1.683 seconds (JVM running for 11.608)
Hibernate: select vehicleent0_.id as id1_1_, vehicleent0_.cubic_centimeters as cubic_ce2_1_, vehicleent0_.license_plate as license_3_1_, vehicleent0_.vehicle_type as vehicle_4_1_ from vehicle vehicleent0_ where vehicleent0_.license_plate=?
Hibernate: call next value for hibernate_sequence
Hibernate: insert into vehicle (cubic_centimeters, license_plate, vehicle_type, id) values (?, ?, ?, ?)
Hibernate: select parkingrec0_.id as id1_0_, parkingrec0_.bill_value as bill_val2_0_, parkingrec0_.entry_date as entry_da3_0_, parkingrec0_.out_date as out_date4_0_, parkingrec0_.vehicle_id as vehicle_5_0_ from parking_record parkingrec0_ inner join vehicle vehicleent1_ on parkingrec0_.vehicle_id=vehicleent1_.id where (parkingrec0_.out_date is null) and vehicleent1_.id=?
Hibernate: select count(parkingrec0_.id) as col_0_0_ from parking_record parkingrec0_ cross join vehicle vehicleent1_ where parkingrec0_.vehicle_id=vehicleent1_.id and vehicleent1_.vehicle_type=? and (parkingrec0_.out_date is null)
Hibernate: call next value for hibernate_sequence
Hibernate: insert into parking_record (bill_value, entry_date, out_date, vehicle_id, id) values (?, ?, ?, ?, ?)

MockHttpServletRequest:
      HTTP Method = POST
      Request URI = /parkingRecordService/registerParkingEntrance
       Parameters = {}
          Headers = [Content-Type:"application/json;charset=UTF-8"]
             Body = {"entryDate":1549512108718,"outDate":null,"billValue":0.0,"vehicle":{"licensePlate":"JKL999","cubicCentimeters":150,"vehicleType":"MOTORBYKE"}}
    Session Attrs = {}

Handler:
             Type = com.ceiba.ceibaparking.controller.ParkingEntranceController
           Method = public org.springframework.http.ResponseEntity<com.ceiba.ceibaparking.dto.ResponseDTO> com.ceiba.ceibaparking.controller.ParkingEntranceController.registerParkingEntrance(com.ceiba.ceibaparking.domain.ParkingRecordDomain)

Async:
    Async started = false
     Async result = null

Resolved Exception:
             Type = null

ModelAndView:
        View name = null
             View = null
            Model = null

FlashMap:
       Attributes = null

MockHttpServletResponse:
           Status = 201
    Error message = null
          Headers = [Content-Type:"application/json;charset=UTF-8", X-Content-Type-Options:"nosniff", X-XSS-Protection:"1; mode=block", Cache-Control:"no-cache, no-store, max-age=0, must-revalidate", Pragma:"no-cache", Expires:"0"]
     Content type = application/json;charset=UTF-8
             Body = {"responseCode":"00","responseMessage":"El proceso se realiz? de manera exitosa.","parkingRecordDomain":{"entryDate":"2019-02-07T04:01:48.718+0000","outDate":null,"billValue":0.0,"vehicle":{"licensePlate":"JKL999","cubicCentimeters":150,"vehicleType":"MOTORBYKE"}}}
    Forwarded URL = null
   Redirected URL = null
          Cookies = []
Hibernate: select vehicleent0_.id as id1_1_, vehicleent0_.cubic_centimeters as cubic_ce2_1_, vehicleent0_.license_plate as license_3_1_, vehicleent0_.vehicle_type as vehicle_4_1_ from vehicle vehicleent0_ where vehicleent0_.license_plate=?
Hibernate: call next value for hibernate_sequence
Hibernate: insert into vehicle (cubic_centimeters, license_plate, vehicle_type, id) values (?, ?, ?, ?)
Hibernate: select parkingrec0_.id as id1_0_, parkingrec0_.bill_value as bill_val2_0_, parkingrec0_.entry_date as entry_da3_0_, parkingrec0_.out_date as out_date4_0_, parkingrec0_.vehicle_id as vehicle_5_0_ from parking_record parkingrec0_ inner join vehicle vehicleent1_ on parkingrec0_.vehicle_id=vehicleent1_.id where (parkingrec0_.out_date is null) and vehicleent1_.id=?
Hibernate: select count(parkingrec0_.id) as col_0_0_ from parking_record parkingrec0_ cross join vehicle vehicleent1_ where parkingrec0_.vehicle_id=vehicleent1_.id and vehicleent1_.vehicle_type=? and (parkingrec0_.out_date is null)

MockHttpServletRequest:
      HTTP Method = POST
      Request URI = /parkingRecordService/registerParkingEntrance
       Parameters = {}
          Headers = [Content-Type:"application/json;charset=UTF-8"]
             Body = {"entryDate":1551499309186,"outDate":null,"billValue":0.0,"vehicle":{"licensePlate":"AAA999","cubicCentimeters":150,"vehicleType":"MOTORBYKE"}}
    Session Attrs = {}

Handler:
             Type = com.ceiba.ceibaparking.controller.ParkingEntranceController
           Method = public org.springframework.http.ResponseEntity<com.ceiba.ceibaparking.dto.ResponseDTO> com.ceiba.ceibaparking.controller.ParkingEntranceController.registerParkingEntrance(com.ceiba.ceibaparking.domain.ParkingRecordDomain)

Async:
    Async started = false
     Async result = null

Resolved Exception:
             Type = null

ModelAndView:
        View name = null
             View = null
            Model = null

FlashMap:
       Attributes = null

MockHttpServletResponse:
           Status = 500
    Error message = null
          Headers = [Content-Type:"application/json;charset=UTF-8", X-Content-Type-Options:"nosniff", X-XSS-Protection:"1; mode=block", Cache-Control:"no-cache, no-store, max-age=0, must-revalidate", Pragma:"no-cache", Expires:"0"]
     Content type = application/json;charset=UTF-8
             Body = {"responseCode":"01","responseMessage":"No esta autorizado para ingresar debido a que las placas que inician con la letra A solo pueden ingresar los domingos y lunes.","parkingRecordDomain":null}
    Forwarded URL = null
   Redirected URL = null
          Cookies = []
]]></system-out>
  <system-err><![CDATA[]]></system-err>
</testsuite>
