<?xml version="1.0" encoding="UTF-8"?>
<testsuite name="com.ceiba.ceibaparking.unit.VehicleUnitTest" tests="2" skipped="0" failures="0" errors="0" timestamp="2019-02-07T18:21:54" hostname="NELSON-MEJIA" time="0.006">
  <properties/>
  <testcase name="successRegisterVehicle" classname="com.ceiba.ceibaparking.unit.VehicleUnitTest" time="0.002"/>
  <testcase name="successFindVehicleByLicensePlate" classname="com.ceiba.ceibaparking.unit.VehicleUnitTest" time="0.003"/>
  <system-out><![CDATA[2019-02-07 13:21:54.481  INFO 11604 --- [    Test worker] .b.t.c.SpringBootTestContextBootstrapper : Neither @ContextConfiguration nor @ContextHierarchy found for test class [com.ceiba.ceibaparking.unit.VehicleUnitTest], using SpringBootContextLoader
2019-02-07 13:21:54.482  INFO 11604 --- [    Test worker] o.s.t.c.s.AbstractContextLoader          : Could not detect default resource locations for test class [com.ceiba.ceibaparking.unit.VehicleUnitTest]: no resource found for suffixes {-context.xml, Context.groovy}.
2019-02-07 13:21:54.483  INFO 11604 --- [    Test worker] t.c.s.AnnotationConfigContextLoaderUtils : Could not detect default configuration classes for test class [com.ceiba.ceibaparking.unit.VehicleUnitTest]: VehicleUnitTest does not declare any static, non-private, non-final, nested classes annotated with @Configuration.
2019-02-07 13:21:54.485  INFO 11604 --- [    Test worker] .b.t.c.SpringBootTestContextBootstrapper : Found @SpringBootConfiguration com.ceiba.ceibaparking.CeibaParkingApplication for test class com.ceiba.ceibaparking.unit.VehicleUnitTest
2019-02-07 13:21:54.486  INFO 11604 --- [    Test worker] .b.t.c.SpringBootTestContextBootstrapper : Loaded default TestExecutionListener class names from location [META-INF/spring.factories]: [org.springframework.boot.test.autoconfigure.restdocs.RestDocsTestExecutionListener, org.springframework.boot.test.autoconfigure.web.client.MockRestServiceServerResetTestExecutionListener, org.springframework.boot.test.autoconfigure.web.servlet.MockMvcPrintOnlyOnFailureTestExecutionListener, org.springframework.boot.test.autoconfigure.web.servlet.WebDriverTestExecutionListener, org.springframework.boot.test.mock.mockito.MockitoTestExecutionListener, org.springframework.boot.test.mock.mockito.ResetMocksTestExecutionListener, org.springframework.test.context.web.ServletTestExecutionListener, org.springframework.test.context.support.DirtiesContextBeforeModesTestExecutionListener, org.springframework.test.context.support.DependencyInjectionTestExecutionListener, org.springframework.test.context.support.DirtiesContextTestExecutionListener, org.springframework.test.context.transaction.TransactionalTestExecutionListener, org.springframework.test.context.jdbc.SqlScriptsTestExecutionListener]
2019-02-07 13:21:54.487  INFO 11604 --- [    Test worker] .b.t.c.SpringBootTestContextBootstrapper : Using TestExecutionListeners: [org.springframework.test.context.web.ServletTestExecutionListener@212f6533, org.springframework.test.context.support.DirtiesContextBeforeModesTestExecutionListener@469cfd11, org.springframework.boot.test.mock.mockito.MockitoTestExecutionListener@243a2a88, org.springframework.boot.test.autoconfigure.SpringBootDependencyInjectionTestExecutionListener@111e7dcb, org.springframework.test.context.support.DirtiesContextTestExecutionListener@4bc29426, org.springframework.test.context.transaction.TransactionalTestExecutionListener@6a179c3a, org.springframework.test.context.jdbc.SqlScriptsTestExecutionListener@1f8c859a, org.springframework.boot.test.autoconfigure.restdocs.RestDocsTestExecutionListener@7d1e5385, org.springframework.boot.test.autoconfigure.web.client.MockRestServiceServerResetTestExecutionListener@22229ba4, org.springframework.boot.test.autoconfigure.web.servlet.MockMvcPrintOnlyOnFailureTestExecutionListener@74822596, org.springframework.boot.test.autoconfigure.web.servlet.WebDriverTestExecutionListener@f59dec9, org.springframework.boot.test.mock.mockito.ResetMocksTestExecutionListener@5426dc]
]]></system-out>
  <system-err><![CDATA[]]></system-err>
</testsuite>
